<?xml version="1.0" encoding="UTF-8"?>
<!-- Generated by org.testng.reporters.JUnitXMLReporter -->
<testsuite hostname="chinni-PC" ignored="0" name="Test(failed)(failed)" tests="1" failures="1" timestamp="28 Mar 2018 03:22:39 GMT" time="0.118" errors="0">
  <testcase name="executer" time="0.032" classname="com.subbuchinni.edu.Practice.Demo.ParallelExecutioner">
    <failure type="java.lang.StackOverflowError">
      <![CDATA[java.lang.StackOverflowError
at com.subbuchinni.Scripts.ResultsClass.<init>(ResultsClass.java:36)
at com.subbuchinni.Scripts.ExcelOperations.<init>(ExcelOperations.java:36)
at com.subbuchinni.Scripts.ResultsClass.<init>(ResultsClass.java:38)
at com.subbuchinni.Scripts.ExcelOperations.<init>(ExcelOperations.java:36)
at com.subbuchinni.Scripts.ResultsClass.<init>(ResultsClass.java:38)
at com.subbuchinni.Scripts.ExcelOperations.<init>(ExcelOperations.java:36)
at com.subbuchinni.Scripts.ResultsClass.<init>(ResultsClass.java:38)
at com.subbuchinni.Scripts.ExcelOperations.<init>(ExcelOperations.java:36)
at com.subbuchinni.Scripts.ResultsClass.<init>(ResultsClass.java:38)
at com.subbuchinni.Scripts.ExcelOperations.<init>(ExcelOperations.java:36)
at com.subbuchinni.Scripts.ResultsClass.<init>(ResultsClass.java:38)
at com.subbuchinni.Scripts.ExcelOperations.<init>(ExcelOperations.java:36)
at com.subbuchinni.Scripts.ResultsClass.<init>(ResultsClass.java:38)
at com.subbuchinni.Scripts.ExcelOperations.<init>(ExcelOperations.java:36)
at com.subbuchinni.Scripts.ResultsClass.<init>(ResultsClass.java:38)
at com.subbuchinni.Scripts.ExcelOperations.<init>(ExcelOperations.java:36)
at com.subbuchinni.Scripts.ResultsClass.<init>(ResultsClass.java:38)
at com.subbuchinni.Scripts.ExcelOperations.<init>(ExcelOperations.java:36)
at com.subbuchinni.Scripts.ResultsClass.<init>(ResultsClass.java:38)
at com.subbuchinni.Scripts.ExcelOperations.<init>(ExcelOperations.java:36)
at com.subbuchinni.Scripts.ResultsClass.<init>(ResultsClass.java:38)
at com.subbuchinni.Scripts.ExcelOperations.<init>(ExcelOperations.java:36)
at com.subbuchinni.Scripts.ResultsClass.<init>(ResultsClass.java:38)
at com.subbuchinni.Scripts.ExcelOperations.<init>(ExcelOperations.java:36)
at com.subbuchinni.Scripts.ResultsClass.<init>(ResultsClass.java:38)
at com.subbuchinni.Scripts.ExcelOperations.<init>(ExcelOperations.java:36)
at com.subbuchinni.Scripts.ResultsClass.<init>(ResultsClass.java:38)
at com.subbuchinni.Scripts.ExcelOperations.<init>(ExcelOperations.java:36)
at com.subbuchinni.Scripts.ResultsClass.<init>(ResultsClass.java:38)
at com.subbuchinni.Scripts.ExcelOperations.<init>(ExcelOperations.java:36)
at com.subbuchinni.Scripts.ResultsClass.<init>(ResultsClass.java:38)
at com.subbuchinni.Scripts.ExcelOperations.<init>(ExcelOperations.java:36)
at com.subbuchinni.Scripts.ResultsClass.<init>(ResultsClass.java:38)
at com.subbuchinni.Scripts.ExcelOperations.<init>(ExcelOperations.java:36)
at com.subbuchinni.Scripts.ResultsClass.<init>(ResultsClass.java:38)
at com.subbuchinni.Scripts.ExcelOperations.<init>(ExcelOperations.java:36)
at com.subbuchinni.Scripts.ResultsClass.<init>(ResultsClass.java:38)
at com.subbuchinni.Scripts.ExcelOperations.<init>(ExcelOperations.java:36)
at com.subbuchinni.Scripts.ResultsClass.<init>(ResultsClass.java:38)
at com.subbuchinni.Scripts.ExcelOperations.<init>(ExcelOperations.java:36)
at com.subbuchinni.Scripts.ResultsClass.<init>(ResultsClass.java:38)
at com.subbuchinni.Scripts.ExcelOperations.<init>(ExcelOperations.java:36)
at com.subbuchinni.Scripts.ResultsClass.<init>(ResultsClass.java:38)
at com.subbuchinni.Scripts.ExcelOperations.<init>(ExcelOperations.java:36)
at com.subbuchinni.Scripts.ResultsClass.<init>(ResultsClass.java:38)
at com.subbuchinni.Scripts.ExcelOperations.<init>(ExcelOperations.java:36)
at com.subbuchinni.Scripts.ResultsClass.<init>(ResultsClass.java:38)
at com.subbuchinni.Scripts.ExcelOperations.<init>(ExcelOperations.java:36)
at com.subbuchinni.Scripts.ResultsClass.<init>(ResultsClass.java:38)
at com.subbuchinni.Scripts.ExcelOperations.<init>(ExcelOperations.java:36)
at com.subbuchinni.Scripts.ResultsClass.<init>(ResultsClass.java:38)
at com.subbuchinni.Scripts.ExcelOperations.<init>(ExcelOperations.java:36)
at com.subbuchinni.Scripts.ResultsClass.<init>(ResultsClass.java:38)
at com.subbuchinni.Scripts.ExcelOperations.<init>(ExcelOperations.java:36)
at com.subbuchinni.Scripts.ResultsClass.<init>(ResultsClass.java:38)
at com.subbuchinni.Scripts.ExcelOperations.<init>(ExcelOperations.java:36)
at com.subbuchinni.Scripts.ResultsClass.<init>(ResultsClass.java:38)
at com.subbuchinni.Scripts.ExcelOperations.<init>(ExcelOperations.java:36)
at com.subbuchinni.Scripts.ResultsClass.<init>(ResultsClass.java:38)
at com.subbuchinni.Scripts.ExcelOperations.<init>(ExcelOperations.java:36)
at com.subbuchinni.Scripts.ResultsClass.<init>(ResultsClass.java:38)
at com.subbuchinni.Scripts.ExcelOperations.<init>(ExcelOperations.java:36)
at com.subbuchinni.Scripts.ResultsClass.<init>(ResultsClass.java:38)
at com.subbuchinni.Scripts.ExcelOperations.<init>(ExcelOperations.java:36)
at com.subbuchinni.Scripts.ResultsClass.<init>(ResultsClass.java:38)
at com.subbuchinni.Scripts.ExcelOperations.<init>(ExcelOperations.java:36)
at com.subbuchinni.Scripts.ResultsClass.<init>(ResultsClass.java:38)
at com.subbuchinni.Scripts.ExcelOperations.<init>(ExcelOperations.java:36)
at com.subbuchinni.Scripts.ResultsClass.<init>(ResultsClass.java:38)
at com.subbuchinni.Scripts.ExcelOperations.<init>(ExcelOperations.java:36)
at com.subbuchinni.Scripts.ResultsClass.<init>(ResultsClass.java:38)
at com.subbuchinni.Scripts.ExcelOperations.<init>(ExcelOperations.java:36)
at com.subbuchinni.Scripts.ResultsClass.<init>(ResultsClass.java:38)
at com.subbuchinni.Scripts.ExcelOperations.<init>(ExcelOperations.java:36)
at com.subbuchinni.Scripts.ResultsClass.<init>(ResultsClass.java:38)
at com.subbuchinni.Scripts.ExcelOperations.<init>(ExcelOperations.java:36)
at com.subbuchinni.Scripts.ResultsClass.<init>(ResultsClass.java:38)
at com.subbuchinni.Scripts.ExcelOperations.<init>(ExcelOperations.java:36)
at com.subbuchinni.Scripts.ResultsClass.<init>(ResultsClass.java:38)
at com.subbuchinni.Scripts.ExcelOperations.<init>(ExcelOperations.java:36)
at com.subbuchinni.Scripts.ResultsClass.<init>(ResultsClass.java:38)
at com.subbuchinni.Scripts.ExcelOperations.<init>(ExcelOperations.java:36)
at com.subbuchinni.Scripts.ResultsClass.<init>(ResultsClass.java:38)
at com.subbuchinni.Scripts.ExcelOperations.<init>(ExcelOperations.java:36)
at com.subbuchinni.Scripts.ResultsClass.<init>(ResultsClass.java:38)
at com.subbuchinni.Scripts.ExcelOperations.<init>(ExcelOperations.java:36)
at com.subbuchinni.Scripts.ResultsClass.<init>(ResultsClass.java:38)
at com.subbuchinni.Scripts.ExcelOperations.<init>(ExcelOperations.java:36)
at com.subbuchinni.Scripts.ResultsClass.<init>(ResultsClass.java:38)
at com.subbuchinni.Scripts.ExcelOperations.<init>(ExcelOperations.java:36)
at com.subbuchinni.Scripts.ResultsClass.<init>(ResultsClass.java:38)
at com.subbuchinni.Scripts.ExcelOperations.<init>(ExcelOperations.java:36)
at com.subbuchinni.Scripts.ResultsClass.<init>(ResultsClass.java:38)
at com.subbuchinni.Scripts.ExcelOperations.<init>(ExcelOperations.java:36)
at com.subbuchinni.Scripts.ResultsClass.<init>(ResultsClass.java:38)
at com.subbuchinni.Scripts.ExcelOperations.<init>(ExcelOperations.java:36)
at com.subbuchinni.Scripts.ResultsClass.<init>(ResultsClass.java:38)
at com.subbuchinni.Scripts.ExcelOperations.<init>(ExcelOperations.java:36)
at com.subbuchinni.Scripts.ResultsClass.<init>(ResultsClass.java:38)
at com.subbuchinni.Scripts.ExcelOperations.<init>(ExcelOperations.java:36)
at com.subbuchinni.Scripts.ResultsClass.<init>(ResultsClass.java:38)
at com.subbuchinni.Scripts.ExcelOperations.<init>(ExcelOperations.java:36)
at com.subbuchinni.Scripts.ResultsClass.<init>(ResultsClass.java:38)
at com.subbuchinni.Scripts.ExcelOperations.<init>(ExcelOperations.java:36)
at com.subbuchinni.Scripts.ResultsClass.<init>(ResultsClass.java:38)
at com.subbuchinni.Scripts.ExcelOperations.<init>(ExcelOperations.java:36)
at com.subbuchinni.Scripts.ResultsClass.<init>(ResultsClass.java:38)
at com.subbuchinni.Scripts.ExcelOperations.<init>(ExcelOperations.java:36)
at com.subbuchinni.Scripts.ResultsClass.<init>(ResultsClass.java:38)
at com.subbuchinni.Scripts.ExcelOperations.<init>(ExcelOperations.java:36)
at com.subbuchinni.Scripts.ResultsClass.<init>(ResultsClass.java:38)
at com.subbuchinni.Scripts.ExcelOperations.<init>(ExcelOperations.java:36)
at com.subbuchinni.Scripts.ResultsClass.<init>(ResultsClass.java:38)
at com.subbuchinni.Scripts.ExcelOperations.<init>(ExcelOperations.java:36)
at com.subbuchinni.Scripts.ResultsClass.<init>(ResultsClass.java:38)
at com.subbuchinni.Scripts.ExcelOperations.<init>(ExcelOperations.java:36)
at com.subbuchinni.Scripts.ResultsClass.<init>(ResultsClass.java:38)
at com.subbuchinni.Scripts.ExcelOperations.<init>(ExcelOperations.java:36)
at com.subbuchinni.Scripts.ResultsClass.<init>(ResultsClass.java:38)
at com.subbuchinni.Scripts.ExcelOperations.<init>(ExcelOperations.java:36)
at com.subbuchinni.Scripts.ResultsClass.<init>(ResultsClass.java:38)
at com.subbuchinni.Scripts.ExcelOperations.<init>(ExcelOperations.java:36)
at com.subbuchinni.Scripts.ResultsClass.<init>(ResultsClass.java:38)
at com.subbuchinni.Scripts.ExcelOperations.<init>(ExcelOperations.java:36)
at com.subbuchinni.Scripts.ResultsClass.<init>(ResultsClass.java:38)
at com.subbuchinni.Scripts.ExcelOperations.<init>(ExcelOperations.java:36)
at com.subbuchinni.Scripts.ResultsClass.<init>(ResultsClass.java:38)
at com.subbuchinni.Scripts.ExcelOperations.<init>(ExcelOperations.java:36)
at com.subbuchinni.Scripts.ResultsClass.<init>(ResultsClass.java:38)
at com.subbuchinni.Scripts.ExcelOperations.<init>(ExcelOperations.java:36)
at com.subbuchinni.Scripts.ResultsClass.<init>(ResultsClass.java:38)
at com.subbuchinni.Scripts.ExcelOperations.<init>(ExcelOperations.java:36)
at com.subbuchinni.Scripts.ResultsClass.<init>(ResultsClass.java:38)
at com.subbuchinni.Scripts.ExcelOperations.<init>(ExcelOperations.java:36)
at com.subbuchinni.Scripts.ResultsClass.<init>(ResultsClass.java:38)
at com.subbuchinni.Scripts.ExcelOperations.<init>(ExcelOperations.java:36)
at com.subbuchinni.Scripts.ResultsClass.<init>(ResultsClass.java:38)
at com.subbuchinni.Scripts.ExcelOperations.<init>(ExcelOperations.java:36)
at com.subbuchinni.Scripts.ResultsClass.<init>(ResultsClass.java:38)
at com.subbuchinni.Scripts.ExcelOperations.<init>(ExcelOperations.java:36)
at com.subbuchinni.Scripts.ResultsClass.<init>(ResultsClass.java:38)
at com.subbuchinni.Scripts.ExcelOperations.<init>(ExcelOperations.java:36)
at com.subbuchinni.Scripts.ResultsClass.<init>(ResultsClass.java:38)
at com.subbuchinni.Scripts.ExcelOperations.<init>(ExcelOperations.java:36)
at com.subbuchinni.Scripts.ResultsClass.<init>(ResultsClass.java:38)
at com.subbuchinni.Scripts.ExcelOperations.<init>(ExcelOperations.java:36)
at com.subbuchinni.Scripts.ResultsClass.<init>(ResultsClass.java:38)
at com.subbuchinni.Scripts.ExcelOperations.<init>(ExcelOperations.java:36)
at com.subbuchinni.Scripts.ResultsClass.<init>(ResultsClass.java:38)
at com.subbuchinni.Scripts.ExcelOperations.<init>(ExcelOperations.java:36)
at com.subbuchinni.Scripts.ResultsClass.<init>(ResultsClass.java:38)
at com.subbuchinni.Scripts.ExcelOperations.<init>(ExcelOperations.java:36)
at com.subbuchinni.Scripts.ResultsClass.<init>(ResultsClass.java:38)
at com.subbuchinni.Scripts.ExcelOperations.<init>(ExcelOperations.java:36)
at com.subbuchinni.Scripts.ResultsClass.<init>(ResultsClass.java:38)
at com.subbuchinni.Scripts.ExcelOperations.<init>(ExcelOperations.java:36)
at com.subbuchinni.Scripts.ResultsClass.<init>(ResultsClass.java:38)
at com.subbuchinni.Scripts.ExcelOperations.<init>(ExcelOperations.java:36)
at com.subbuchinni.Scripts.ResultsClass.<init>(ResultsClass.java:38)
at com.subbuchinni.Scripts.ExcelOperations.<init>(ExcelOperations.java:36)
at com.subbuchinni.Scripts.ResultsClass.<init>(ResultsClass.java:38)
at com.subbuchinni.Scripts.ExcelOperations.<init>(ExcelOperations.java:36)
at com.subbuchinni.Scripts.ResultsClass.<init>(ResultsClass.java:38)
at com.subbuchinni.Scripts.ExcelOperations.<init>(ExcelOperations.java:36)
at com.subbuchinni.Scripts.ResultsClass.<init>(ResultsClass.java:38)
at com.subbuchinni.Scripts.ExcelOperations.<init>(ExcelOperations.java:36)
at com.subbuchinni.Scripts.ResultsClass.<init>(ResultsClass.java:38)
at com.subbuchinni.Scripts.ExcelOperations.<init>(ExcelOperations.java:36)
at com.subbuchinni.Scripts.ResultsClass.<init>(ResultsClass.java:38)
at com.subbuchinni.Scripts.ExcelOperations.<init>(ExcelOperations.java:36)
at com.subbuchinni.Scripts.ResultsClass.<init>(ResultsClass.java:38)
at com.subbuchinni.Scripts.ExcelOperations.<init>(ExcelOperations.java:36)
at com.subbuchinni.Scripts.ResultsClass.<init>(ResultsClass.java:38)
at com.subbuchinni.Scripts.ExcelOperations.<init>(ExcelOperations.java:36)
at com.subbuchinni.Scripts.ResultsClass.<init>(ResultsClass.java:38)
at com.subbuchinni.Scripts.ExcelOperations.<init>(ExcelOperations.java:36)
at com.subbuchinni.Scripts.ResultsClass.<init>(ResultsClass.java:38)
at com.subbuchinni.Scripts.ExcelOperations.<init>(ExcelOperations.java:36)
at com.subbuchinni.Scripts.ResultsClass.<init>(ResultsClass.java:38)
at com.subbuchinni.Scripts.ExcelOperations.<init>(ExcelOperations.java:36)
at com.subbuchinni.Scripts.ResultsClass.<init>(ResultsClass.java:38)
at com.subbuchinni.Scripts.ExcelOperations.<init>(ExcelOperations.java:36)
at com.subbuchinni.Scripts.ResultsClass.<init>(ResultsClass.java:38)
at com.subbuchinni.Scripts.ExcelOperations.<init>(ExcelOperations.java:36)
at com.subbuchinni.Scripts.ResultsClass.<init>(ResultsClass.java:38)
at com.subbuchinni.Scripts.ExcelOperations.<init>(ExcelOperations.java:36)
at com.subbuchinni.Scripts.ResultsClass.<init>(ResultsClass.java:38)
at com.subbuchinni.Scripts.ExcelOperations.<init>(ExcelOperations.java:36)
at com.subbuchinni.Scripts.ResultsClass.<init>(ResultsClass.java:38)
at com.subbuchinni.Scripts.ExcelOperations.<init>(ExcelOperations.java:36)
at com.subbuchinni.Scripts.ResultsClass.<init>(ResultsClass.java:38)
at com.subbuchinni.Scripts.ExcelOperations.<init>(ExcelOperations.java:36)
at com.subbuchinni.Scripts.ResultsClass.<init>(ResultsClass.java:38)
at com.subbuchinni.Scripts.ExcelOperations.<init>(ExcelOperations.java:36)
at com.subbuchinni.Scripts.ResultsClass.<init>(ResultsClass.java:38)
at com.subbuchinni.Scripts.ExcelOperations.<init>(ExcelOperations.java:36)
at com.subbuchinni.Scripts.ResultsClass.<init>(ResultsClass.java:38)
at com.subbuchinni.Scripts.ExcelOperations.<init>(ExcelOperations.java:36)
at com.subbuchinni.Scripts.ResultsClass.<init>(ResultsClass.java:38)
at com.subbuchinni.Scripts.ExcelOperations.<init>(ExcelOperations.java:36)
at com.subbuchinni.Scripts.ResultsClass.<init>(ResultsClass.java:38)
at com.subbuchinni.Scripts.ExcelOperations.<init>(ExcelOperations.java:36)
at com.subbuchinni.Scripts.ResultsClass.<init>(ResultsClass.java:38)
at com.subbuchinni.Scripts.ExcelOperations.<init>(ExcelOperations.java:36)
at com.subbuchinni.Scripts.ResultsClass.<init>(ResultsClass.java:38)
at com.subbuchinni.Scripts.ExcelOperations.<init>(ExcelOperations.java:36)
at com.subbuchinni.Scripts.ResultsClass.<init>(ResultsClass.java:38)
at com.subbuchinni.Scripts.ExcelOperations.<init>(ExcelOperations.java:36)
at com.subbuchinni.Scripts.ResultsClass.<init>(ResultsClass.java:38)
at com.subbuchinni.Scripts.ExcelOperations.<init>(ExcelOperations.java:36)
at com.subbuchinni.Scripts.ResultsClass.<init>(ResultsClass.java:38)
at com.subbuchinni.Scripts.ExcelOperations.<init>(ExcelOperations.java:36)
at com.subbuchinni.Scripts.ResultsClass.<init>(ResultsClass.java:38)
at com.subbuchinni.Scripts.ExcelOperations.<init>(ExcelOperations.java:36)
at com.subbuchinni.Scripts.ResultsClass.<init>(ResultsClass.java:38)
at com.subbuchinni.Scripts.ExcelOperations.<init>(ExcelOperations.java:36)
at com.subbuchinni.Scripts.ResultsClass.<init>(ResultsClass.java:38)
at com.subbuchinni.Scripts.ExcelOperations.<init>(ExcelOperations.java:36)
at com.subbuchinni.Scripts.ResultsClass.<init>(ResultsClass.java:38)
at com.subbuchinni.Scripts.ExcelOperations.<init>(ExcelOperations.java:36)
at com.subbuchinni.Scripts.ResultsClass.<init>(ResultsClass.java:38)
at com.subbuchinni.Scripts.ExcelOperations.<init>(ExcelOperations.java:36)
at com.subbuchinni.Scripts.ResultsClass.<init>(ResultsClass.java:38)
at com.subbuchinni.Scripts.ExcelOperations.<init>(ExcelOperations.java:36)
at com.subbuchinni.Scripts.ResultsClass.<init>(ResultsClass.java:38)
at com.subbuchinni.Scripts.ExcelOperations.<init>(ExcelOperations.java:36)
at com.subbuchinni.Scripts.ResultsClass.<init>(ResultsClass.java:38)
at com.subbuchinni.Scripts.ExcelOperations.<init>(ExcelOperations.java:36)
at com.subbuchinni.Scripts.ResultsClass.<init>(ResultsClass.java:38)
at com.subbuchinni.Scripts.ExcelOperations.<init>(ExcelOperations.java:36)
at com.subbuchinni.Scripts.ResultsClass.<init>(ResultsClass.java:38)
at com.subbuchinni.Scripts.ExcelOperations.<init>(ExcelOperations.java:36)
at com.subbuchinni.Scripts.ResultsClass.<init>(ResultsClass.java:38)
at com.subbuchinni.Scripts.ExcelOperations.<init>(ExcelOperations.java:36)
at com.subbuchinni.Scripts.ResultsClass.<init>(ResultsClass.java:38)
at com.subbuchinni.Scripts.ExcelOperations.<init>(ExcelOperations.java:36)
at com.subbuchinni.Scripts.ResultsClass.<init>(ResultsClass.java:38)
at com.subbuchinni.Scripts.ExcelOperations.<init>(ExcelOperations.java:36)
at com.subbuchinni.Scripts.ResultsClass.<init>(ResultsClass.java:38)
at com.subbuchinni.Scripts.ExcelOperations.<init>(ExcelOperations.java:36)
at com.subbuchinni.Scripts.ResultsClass.<init>(ResultsClass.java:38)
at com.subbuchinni.Scripts.ExcelOperations.<init>(ExcelOperations.java:36)
at com.subbuchinni.Scripts.ResultsClass.<init>(ResultsClass.java:38)
at com.subbuchinni.Scripts.ExcelOperations.<init>(ExcelOperations.java:36)
at com.subbuchinni.Scripts.ResultsClass.<init>(ResultsClass.java:38)
at com.subbuchinni.Scripts.ExcelOperations.<init>(ExcelOperations.java:36)
at com.subbuchinni.Scripts.ResultsClass.<init>(ResultsClass.java:38)
at com.subbuchinni.Scripts.ExcelOperations.<init>(ExcelOperations.java:36)
at com.subbuchinni.Scripts.ResultsClass.<init>(ResultsClass.java:38)
at com.subbuchinni.Scripts.ExcelOperations.<init>(ExcelOperations.java:36)
at com.subbuchinni.Scripts.ResultsClass.<init>(ResultsClass.java:38)
at com.subbuchinni.Scripts.ExcelOperations.<init>(ExcelOperations.java:36)
at com.subbuchinni.Scripts.ResultsClass.<init>(ResultsClass.java:38)
at com.subbuchinni.Scripts.ExcelOperations.<init>(ExcelOperations.java:36)
at com.subbuchinni.Scripts.ResultsClass.<init>(ResultsClass.java:38)
at com.subbuchinni.Scripts.ExcelOperations.<init>(ExcelOperations.java:36)
at com.subbuchinni.Scripts.ResultsClass.<init>(ResultsClass.java:38)
at com.subbuchinni.Scripts.ExcelOperations.<init>(ExcelOperations.java:36)
at com.subbuchinni.Scripts.ResultsClass.<init>(ResultsClass.java:38)
at com.subbuchinni.Scripts.ExcelOperations.<init>(ExcelOperations.java:36)
at com.subbuchinni.Scripts.ResultsClass.<init>(ResultsClass.java:38)
at com.subbuchinni.Scripts.ExcelOperations.<init>(ExcelOperations.java:36)
at com.subbuchinni.Scripts.ResultsClass.<init>(ResultsClass.java:38)
at com.subbuchinni.Scripts.ExcelOperations.<init>(ExcelOperations.java:36)
at com.subbuchinni.Scripts.ResultsClass.<init>(ResultsClass.java:38)
at com.subbuchinni.Scripts.ExcelOperations.<init>(ExcelOperations.java:36)
at com.subbuchinni.Scripts.ResultsClass.<init>(ResultsClass.java:38)
at com.subbuchinni.Scripts.ExcelOperations.<init>(ExcelOperations.java:36)
at com.subbuchinni.Scripts.ResultsClass.<init>(ResultsClass.java:38)
at com.subbuchinni.Scripts.ExcelOperations.<init>(ExcelOperations.java:36)
at com.subbuchinni.Scripts.ResultsClass.<init>(ResultsClass.java:38)
at com.subbuchinni.Scripts.ExcelOperations.<init>(ExcelOperations.java:36)
at com.subbuchinni.Scripts.ResultsClass.<init>(ResultsClass.java:38)
at com.subbuchinni.Scripts.ExcelOperations.<init>(ExcelOperations.java:36)
at com.subbuchinni.Scripts.ResultsClass.<init>(ResultsClass.java:38)
at com.subbuchinni.Scripts.ExcelOperations.<init>(ExcelOperations.java:36)
at com.subbuchinni.Scripts.ResultsClass.<init>(ResultsClass.java:38)
at com.subbuchinni.Scripts.ExcelOperations.<init>(ExcelOperations.java:36)
at com.subbuchinni.Scripts.ResultsClass.<init>(ResultsClass.java:38)
at com.subbuchinni.Scripts.ExcelOperations.<init>(ExcelOperations.java:36)
at com.subbuchinni.Scripts.ResultsClass.<init>(ResultsClass.java:38)
at com.subbuchinni.Scripts.ExcelOperations.<init>(ExcelOperations.java:36)
at com.subbuchinni.Scripts.ResultsClass.<init>(ResultsClass.java:38)
at com.subbuchinni.Scripts.ExcelOperations.<init>(ExcelOperations.java:36)
at com.subbuchinni.Scripts.ResultsClass.<init>(ResultsClass.java:38)
at com.subbuchinni.Scripts.ExcelOperations.<init>(ExcelOperations.java:36)
at com.subbuchinni.Scripts.ResultsClass.<init>(ResultsClass.java:38)
at com.subbuchinni.Scripts.ExcelOperations.<init>(ExcelOperations.java:36)
at com.subbuchinni.Scripts.ResultsClass.<init>(ResultsClass.java:38)
at com.subbuchinni.Scripts.ExcelOperations.<init>(ExcelOperations.java:36)
at com.subbuchinni.Scripts.ResultsClass.<init>(ResultsClass.java:38)
at com.subbuchinni.Scripts.ExcelOperations.<init>(ExcelOperations.java:36)
at com.subbuchinni.Scripts.ResultsClass.<init>(ResultsClass.java:38)
at com.subbuchinni.Scripts.ExcelOperations.<init>(ExcelOperations.java:36)
at com.subbuchinni.Scripts.ResultsClass.<init>(ResultsClass.java:38)
at com.subbuchinni.Scripts.ExcelOperations.<init>(ExcelOperations.java:36)
at com.subbuchinni.Scripts.ResultsClass.<init>(ResultsClass.java:38)
at com.subbuchinni.Scripts.ExcelOperations.<init>(ExcelOperations.java:36)
at com.subbuchinni.Scripts.ResultsClass.<init>(ResultsClass.java:38)
at com.subbuchinni.Scripts.ExcelOperations.<init>(ExcelOperations.java:36)
at com.subbuchinni.Scripts.ResultsClass.<init>(ResultsClass.java:38)
at com.subbuchinni.Scripts.ExcelOperations.<init>(ExcelOperations.java:36)
at com.subbuchinni.Scripts.ResultsClass.<init>(ResultsClass.java:38)
at com.subbuchinni.Scripts.ExcelOperations.<init>(ExcelOperations.java:36)
at com.subbuchinni.Scripts.ResultsClass.<init>(ResultsClass.java:38)
at com.subbuchinni.Scripts.ExcelOperations.<init>(ExcelOperations.java:36)
at com.subbuchinni.Scripts.ResultsClass.<init>(ResultsClass.java:38)
at com.subbuchinni.Scripts.ExcelOperations.<init>(ExcelOperations.java:36)
at com.subbuchinni.Scripts.ResultsClass.<init>(ResultsClass.java:38)
at com.subbuchinni.Scripts.ExcelOperations.<init>(ExcelOperations.java:36)
at com.subbuchinni.Scripts.ResultsClass.<init>(ResultsClass.java:38)
at com.subbuchinni.Scripts.ExcelOperations.<init>(ExcelOperations.java:36)
at com.subbuchinni.Scripts.ResultsClass.<init>(ResultsClass.java:38)
at com.subbuchinni.Scripts.ExcelOperations.<init>(ExcelOperations.java:36)
at com.subbuchinni.Scripts.ResultsClass.<init>(ResultsClass.java:38)
at com.subbuchinni.Scripts.ExcelOperations.<init>(ExcelOperations.java:36)
at com.subbuchinni.Scripts.ResultsClass.<init>(ResultsClass.java:38)
at com.subbuchinni.Scripts.ExcelOperations.<init>(ExcelOperations.java:36)
at com.subbuchinni.Scripts.ResultsClass.<init>(ResultsClass.java:38)
at com.subbuchinni.Scripts.ExcelOperations.<init>(ExcelOperations.java:36)
at com.subbuchinni.Scripts.ResultsClass.<init>(ResultsClass.java:38)
at com.subbuchinni.Scripts.ExcelOperations.<init>(ExcelOperations.java:36)
at com.subbuchinni.Scripts.ResultsClass.<init>(ResultsClass.java:38)
at com.subbuchinni.Scripts.ExcelOperations.<init>(ExcelOperations.java:36)
at com.subbuchinni.Scripts.ResultsClass.<init>(ResultsClass.java:38)
at com.subbuchinni.Scripts.ExcelOperations.<init>(ExcelOperations.java:36)
at com.subbuchinni.Scripts.ResultsClass.<init>(ResultsClass.java:38)
at com.subbuchinni.Scripts.ExcelOperations.<init>(ExcelOperations.java:36)
at com.subbuchinni.Scripts.ResultsClass.<init>(ResultsClass.java:38)
at com.subbuchinni.Scripts.ExcelOperations.<init>(ExcelOperations.java:36)
at com.subbuchinni.Scripts.ResultsClass.<init>(ResultsClass.java:38)
at com.subbuchinni.Scripts.ExcelOperations.<init>(ExcelOperations.java:36)
at com.subbuchinni.Scripts.ResultsClass.<init>(ResultsClass.java:38)
at com.subbuchinni.Scripts.ExcelOperations.<init>(ExcelOperations.java:36)
at com.subbuchinni.Scripts.ResultsClass.<init>(ResultsClass.java:38)
at com.subbuchinni.Scripts.ExcelOperations.<init>(ExcelOperations.java:36)
at com.subbuchinni.Scripts.ResultsClass.<init>(ResultsClass.java:38)
at com.subbuchinni.Scripts.ExcelOperations.<init>(ExcelOperations.java:36)
at com.subbuchinni.Scripts.ResultsClass.<init>(ResultsClass.java:38)
at com.subbuchinni.Scripts.ExcelOperations.<init>(ExcelOperations.java:36)
at com.subbuchinni.Scripts.ResultsClass.<init>(ResultsClass.java:38)
at com.subbuchinni.Scripts.ExcelOperations.<init>(ExcelOperations.java:36)
at com.subbuchinni.Scripts.ResultsClass.<init>(ResultsClass.java:38)
at com.subbuchinni.Scripts.ExcelOperations.<init>(ExcelOperations.java:36)
at com.subbuchinni.Scripts.ResultsClass.<init>(ResultsClass.java:38)
at com.subbuchinni.Scripts.ExcelOperations.<init>(ExcelOperations.java:36)
at com.subbuchinni.Scripts.ResultsClass.<init>(ResultsClass.java:38)
at com.subbuchinni.Scripts.ExcelOperations.<init>(ExcelOperations.java:36)
at com.subbuchinni.Scripts.ResultsClass.<init>(ResultsClass.java:38)
at com.subbuchinni.Scripts.ExcelOperations.<init>(ExcelOperations.java:36)
at com.subbuchinni.Scripts.ResultsClass.<init>(ResultsClass.java:38)
at com.subbuchinni.Scripts.ExcelOperations.<init>(ExcelOperations.java:36)
at com.subbuchinni.Scripts.ResultsClass.<init>(ResultsClass.java:38)
at com.subbuchinni.Scripts.ExcelOperations.<init>(ExcelOperations.java:36)
at com.subbuchinni.Scripts.ResultsClass.<init>(ResultsClass.java:38)
at com.subbuchinni.Scripts.ExcelOperations.<init>(ExcelOperations.java:36)
at com.subbuchinni.Scripts.ResultsClass.<init>(ResultsClass.java:38)
at com.subbuchinni.Scripts.ExcelOperations.<init>(ExcelOperations.java:36)
at com.subbuchinni.Scripts.ResultsClass.<init>(ResultsClass.java:38)
at com.subbuchinni.Scripts.ExcelOperations.<init>(ExcelOperations.java:36)
at com.subbuchinni.Scripts.ResultsClass.<init>(ResultsClass.java:38)
at com.subbuchinni.Scripts.ExcelOperations.<init>(ExcelOperations.java:36)
at com.subbuchinni.Scripts.ResultsClass.<init>(ResultsClass.java:38)
at com.subbuchinni.Scripts.ExcelOperations.<init>(ExcelOperations.java:36)
at com.subbuchinni.Scripts.ResultsClass.<init>(ResultsClass.java:38)
at com.subbuchinni.Scripts.ExcelOperations.<init>(ExcelOperations.java:36)
at com.subbuchinni.Scripts.ResultsClass.<init>(ResultsClass.java:38)
at com.subbuchinni.Scripts.ExcelOperations.<init>(ExcelOperations.java:36)
at com.subbuchinni.Scripts.ResultsClass.<init>(ResultsClass.java:38)
at com.subbuchinni.Scripts.ExcelOperations.<init>(ExcelOperations.java:36)
at com.subbuchinni.Scripts.ResultsClass.<init>(ResultsClass.java:38)
at com.subbuchinni.Scripts.ExcelOperations.<init>(ExcelOperations.java:36)
at com.subbuchinni.Scripts.ResultsClass.<init>(ResultsClass.java:38)
at com.subbuchinni.Scripts.ExcelOperations.<init>(ExcelOperations.java:36)
at com.subbuchinni.Scripts.ResultsClass.<init>(ResultsClass.java:38)
at com.subbuchinni.Scripts.ExcelOperations.<init>(ExcelOperations.java:36)
at com.subbuchinni.Scripts.ResultsClass.<init>(ResultsClass.java:38)
at com.subbuchinni.Scripts.ExcelOperations.<init>(ExcelOperations.java:36)
at com.subbuchinni.Scripts.ResultsClass.<init>(ResultsClass.java:38)
at com.subbuchinni.Scripts.ExcelOperations.<init>(ExcelOperations.java:36)
at com.subbuchinni.Scripts.ResultsClass.<init>(ResultsClass.java:38)
at com.subbuchinni.Scripts.ExcelOperations.<init>(ExcelOperations.java:36)
at com.subbuchinni.Scripts.ResultsClass.<init>(ResultsClass.java:38)
at com.subbuchinni.Scripts.ExcelOperations.<init>(ExcelOperations.java:36)
at com.subbuchinni.Scripts.ResultsClass.<init>(ResultsClass.java:38)
at com.subbuchinni.Scripts.ExcelOperations.<init>(ExcelOperations.java:36)
at com.subbuchinni.Scripts.ResultsClass.<init>(ResultsClass.java:38)
at com.subbuchinni.Scripts.ExcelOperations.<init>(ExcelOperations.java:36)
at com.subbuchinni.Scripts.ResultsClass.<init>(ResultsClass.java:38)
at com.subbuchinni.Scripts.ExcelOperations.<init>(ExcelOperations.java:36)
at com.subbuchinni.Scripts.ResultsClass.<init>(ResultsClass.java:38)
at com.subbuchinni.Scripts.ExcelOperations.<init>(ExcelOperations.java:36)
at com.subbuchinni.Scripts.ResultsClass.<init>(ResultsClass.java:38)
at com.subbuchinni.Scripts.ExcelOperations.<init>(ExcelOperations.java:36)
at com.subbuchinni.Scripts.ResultsClass.<init>(ResultsClass.java:38)
at com.subbuchinni.Scripts.ExcelOperations.<init>(ExcelOperations.java:36)
at com.subbuchinni.Scripts.ResultsClass.<init>(ResultsClass.java:38)
at com.subbuchinni.Scripts.ExcelOperations.<init>(ExcelOperations.java:36)
at com.subbuchinni.Scripts.ResultsClass.<init>(ResultsClass.java:38)
at com.subbuchinni.Scripts.ExcelOperations.<init>(ExcelOperations.java:36)
at com.subbuchinni.Scripts.ResultsClass.<init>(ResultsClass.java:38)
at com.subbuchinni.Scripts.ExcelOperations.<init>(ExcelOperations.java:36)
at com.subbuchinni.Scripts.ResultsClass.<init>(ResultsClass.java:38)
at com.subbuchinni.Scripts.ExcelOperations.<init>(ExcelOperations.java:36)
at com.subbuchinni.Scripts.ResultsClass.<init>(ResultsClass.java:38)
at com.subbuchinni.Scripts.ExcelOperations.<init>(ExcelOperations.java:36)
at com.subbuchinni.Scripts.ResultsClass.<init>(ResultsClass.java:38)
at com.subbuchinni.Scripts.ExcelOperations.<init>(ExcelOperations.java:36)
at com.subbuchinni.Scripts.ResultsClass.<init>(ResultsClass.java:38)
at com.subbuchinni.Scripts.ExcelOperations.<init>(ExcelOperations.java:36)
at com.subbuchinni.Scripts.ResultsClass.<init>(ResultsClass.java:38)
at com.subbuchinni.Scripts.ExcelOperations.<init>(ExcelOperations.java:36)
at com.subbuchinni.Scripts.ResultsClass.<init>(ResultsClass.java:38)
at com.subbuchinni.Scripts.ExcelOperations.<init>(ExcelOperations.java:36)
at com.subbuchinni.Scripts.ResultsClass.<init>(ResultsClass.java:38)
at com.subbuchinni.Scripts.ExcelOperations.<init>(ExcelOperations.java:36)
at com.subbuchinni.Scripts.ResultsClass.<init>(ResultsClass.java:38)
at com.subbuchinni.Scripts.ExcelOperations.<init>(ExcelOperations.java:36)
at com.subbuchinni.Scripts.ResultsClass.<init>(ResultsClass.java:38)
at com.subbuchinni.Scripts.ExcelOperations.<init>(ExcelOperations.java:36)
at com.subbuchinni.Scripts.ResultsClass.<init>(ResultsClass.java:38)
at com.subbuchinni.Scripts.ExcelOperations.<init>(ExcelOperations.java:36)
at com.subbuchinni.Scripts.ResultsClass.<init>(ResultsClass.java:38)
at com.subbuchinni.Scripts.ExcelOperations.<init>(ExcelOperations.java:36)
at com.subbuchinni.Scripts.ResultsClass.<init>(ResultsClass.java:38)
at com.subbuchinni.Scripts.ExcelOperations.<init>(ExcelOperations.java:36)
at com.subbuchinni.Scripts.ResultsClass.<init>(ResultsClass.java:38)
at com.subbuchinni.Scripts.ExcelOperations.<init>(ExcelOperations.java:36)
at com.subbuchinni.Scripts.ResultsClass.<init>(ResultsClass.java:38)
at com.subbuchinni.Scripts.ExcelOperations.<init>(ExcelOperations.java:36)
at com.subbuchinni.Scripts.ResultsClass.<init>(ResultsClass.java:38)
at com.subbuchinni.Scripts.ExcelOperations.<init>(ExcelOperations.java:36)
at com.subbuchinni.Scripts.ResultsClass.<init>(ResultsClass.java:38)
at com.subbuchinni.Scripts.ExcelOperations.<init>(ExcelOperations.java:36)
at com.subbuchinni.Scripts.ResultsClass.<init>(ResultsClass.java:38)
at com.subbuchinni.Scripts.ExcelOperations.<init>(ExcelOperations.java:36)
at com.subbuchinni.Scripts.ResultsClass.<init>(ResultsClass.java:38)
at com.subbuchinni.Scripts.ExcelOperations.<init>(ExcelOperations.java:36)
at com.subbuchinni.Scripts.ResultsClass.<init>(ResultsClass.java:38)
at com.subbuchinni.Scripts.ExcelOperations.<init>(ExcelOperations.java:36)
at com.subbuchinni.Scripts.ResultsClass.<init>(ResultsClass.java:38)
at com.subbuchinni.Scripts.ExcelOperations.<init>(ExcelOperations.java:36)
at com.subbuchinni.Scripts.ResultsClass.<init>(ResultsClass.java:38)
at com.subbuchinni.Scripts.ExcelOperations.<init>(ExcelOperations.java:36)
at com.subbuchinni.Scripts.ResultsClass.<init>(ResultsClass.java:38)
at com.subbuchinni.Scripts.ExcelOperations.<init>(ExcelOperations.java:36)
at com.subbuchinni.Scripts.ResultsClass.<init>(ResultsClass.java:38)
at com.subbuchinni.Scripts.ExcelOperations.<init>(ExcelOperations.java:36)
at com.subbuchinni.Scripts.ResultsClass.<init>(ResultsClass.java:38)
at com.subbuchinni.Scripts.ExcelOperations.<init>(ExcelOperations.java:36)
at com.subbuchinni.Scripts.ResultsClass.<init>(ResultsClass.java:38)
at com.subbuchinni.Scripts.ExcelOperations.<init>(ExcelOperations.java:36)
at com.subbuchinni.Scripts.ResultsClass.<init>(ResultsClass.java:38)
at com.subbuchinni.Scripts.ExcelOperations.<init>(ExcelOperations.java:36)
at com.subbuchinni.Scripts.ResultsClass.<init>(ResultsClass.java:38)
at com.subbuchinni.Scripts.ExcelOperations.<init>(ExcelOperations.java:36)
at com.subbuchinni.Scripts.ResultsClass.<init>(ResultsClass.java:38)
at com.subbuchinni.Scripts.ExcelOperations.<init>(ExcelOperations.java:36)
at com.subbuchinni.Scripts.ResultsClass.<init>(ResultsClass.java:38)
at com.subbuchinni.Scripts.ExcelOperations.<init>(ExcelOperations.java:36)
at com.subbuchinni.Scripts.ResultsClass.<init>(ResultsClass.java:38)
at com.subbuchinni.Scripts.ExcelOperations.<init>(ExcelOperations.java:36)
at com.subbuchinni.Scripts.ResultsClass.<init>(ResultsClass.java:38)
at com.subbuchinni.Scripts.ExcelOperations.<init>(ExcelOperations.java:36)
at com.subbuchinni.Scripts.ResultsClass.<init>(ResultsClass.java:38)
at com.subbuchinni.Scripts.ExcelOperations.<init>(ExcelOperations.java:36)
at com.subbuchinni.Scripts.ResultsClass.<init>(ResultsClass.java:38)
at com.subbuchinni.Scripts.ExcelOperations.<init>(ExcelOperations.java:36)
at com.subbuchinni.Scripts.ResultsClass.<init>(ResultsClass.java:38)
at com.subbuchinni.Scripts.ExcelOperations.<init>(ExcelOperations.java:36)
at com.subbuchinni.Scripts.ResultsClass.<init>(ResultsClass.java:38)
at com.subbuchinni.Scripts.ExcelOperations.<init>(ExcelOperations.java:36)
at com.subbuchinni.Scripts.ResultsClass.<init>(ResultsClass.java:38)
at com.subbuchinni.Scripts.ExcelOperations.<init>(ExcelOperations.java:36)
at com.subbuchinni.Scripts.ResultsClass.<init>(ResultsClass.java:38)
at com.subbuchinni.Scripts.ExcelOperations.<init>(ExcelOperations.java:36)
at com.subbuchinni.Scripts.ResultsClass.<init>(ResultsClass.java:38)
at com.subbuchinni.Scripts.ExcelOperations.<init>(ExcelOperations.java:36)
at com.subbuchinni.Scripts.ResultsClass.<init>(ResultsClass.java:38)
at com.subbuchinni.Scripts.ExcelOperations.<init>(ExcelOperations.java:36)
at com.subbuchinni.Scripts.ResultsClass.<init>(ResultsClass.java:38)
at com.subbuchinni.Scripts.ExcelOperations.<init>(ExcelOperations.java:36)
at com.subbuchinni.Scripts.ResultsClass.<init>(ResultsClass.java:38)
at com.subbuchinni.Scripts.ExcelOperations.<init>(ExcelOperations.java:36)
at com.subbuchinni.Scripts.ResultsClass.<init>(ResultsClass.java:38)
at com.subbuchinni.Scripts.ExcelOperations.<init>(ExcelOperations.java:36)
at com.subbuchinni.Scripts.ResultsClass.<init>(ResultsClass.java:38)
at com.subbuchinni.Scripts.ExcelOperations.<init>(ExcelOperations.java:36)
at com.subbuchinni.Scripts.ResultsClass.<init>(ResultsClass.java:38)
at com.subbuchinni.Scripts.ExcelOperations.<init>(ExcelOperations.java:36)
at com.subbuchinni.Scripts.ResultsClass.<init>(ResultsClass.java:38)
at com.subbuchinni.Scripts.ExcelOperations.<init>(ExcelOperations.java:36)
at com.subbuchinni.Scripts.ResultsClass.<init>(ResultsClass.java:38)
at com.subbuchinni.Scripts.ExcelOperations.<init>(ExcelOperations.java:36)
at com.subbuchinni.Scripts.ResultsClass.<init>(ResultsClass.java:38)
at com.subbuchinni.Scripts.ExcelOperations.<init>(ExcelOperations.java:36)
at com.subbuchinni.Scripts.ResultsClass.<init>(ResultsClass.java:38)
at com.subbuchinni.Scripts.ExcelOperations.<init>(ExcelOperations.java:36)
at com.subbuchinni.Scripts.ResultsClass.<init>(ResultsClass.java:38)
at com.subbuchinni.Scripts.ExcelOperations.<init>(ExcelOperations.java:36)
at com.subbuchinni.Scripts.ResultsClass.<init>(ResultsClass.java:38)
at com.subbuchinni.Scripts.ExcelOperations.<init>(ExcelOperations.java:36)
at com.subbuchinni.Scripts.ResultsClass.<init>(ResultsClass.java:38)
at com.subbuchinni.Scripts.ExcelOperations.<init>(ExcelOperations.java:36)
at com.subbuchinni.Scripts.ResultsClass.<init>(ResultsClass.java:38)
at com.subbuchinni.Scripts.ExcelOperations.<init>(ExcelOperations.java:36)
at com.subbuchinni.Scripts.ResultsClass.<init>(ResultsClass.java:38)
at com.subbuchinni.Scripts.ExcelOperations.<init>(ExcelOperations.java:36)
at com.subbuchinni.Scripts.ResultsClass.<init>(ResultsClass.java:38)
at com.subbuchinni.Scripts.ExcelOperations.<init>(ExcelOperations.java:36)
at com.subbuchinni.Scripts.ResultsClass.<init>(ResultsClass.java:38)
at com.subbuchinni.Scripts.ExcelOperations.<init>(ExcelOperations.java:36)
at com.subbuchinni.Scripts.ResultsClass.<init>(ResultsClass.java:38)
at com.subbuchinni.Scripts.ExcelOperations.<init>(ExcelOperations.java:36)
at com.subbuchinni.Scripts.ResultsClass.<init>(ResultsClass.java:38)
at com.subbuchinni.Scripts.ExcelOperations.<init>(ExcelOperations.java:36)
at com.subbuchinni.Scripts.ResultsClass.<init>(ResultsClass.java:38)
at com.subbuchinni.Scripts.ExcelOperations.<init>(ExcelOperations.java:36)
at com.subbuchinni.Scripts.ResultsClass.<init>(ResultsClass.java:38)
at com.subbuchinni.Scripts.ExcelOperations.<init>(ExcelOperations.java:36)
at com.subbuchinni.Scripts.ResultsClass.<init>(ResultsClass.java:38)
at com.subbuchinni.Scripts.ExcelOperations.<init>(ExcelOperations.java:36)
at com.subbuchinni.Scripts.ResultsClass.<init>(ResultsClass.java:38)
at com.subbuchinni.Scripts.ExcelOperations.<init>(ExcelOperations.java:36)
at com.subbuchinni.Scripts.ResultsClass.<init>(ResultsClass.java:38)
at com.subbuchinni.Scripts.ExcelOperations.<init>(ExcelOperations.java:36)
at com.subbuchinni.Scripts.ResultsClass.<init>(ResultsClass.java:38)
at com.subbuchinni.Scripts.ExcelOperations.<init>(ExcelOperations.java:36)
at com.subbuchinni.Scripts.ResultsClass.<init>(ResultsClass.java:38)
at com.subbuchinni.Scripts.ExcelOperations.<init>(ExcelOperations.java:36)
at com.subbuchinni.Scripts.ResultsClass.<init>(ResultsClass.java:38)
at com.subbuchinni.Scripts.ExcelOperations.<init>(ExcelOperations.java:36)
at com.subbuchinni.Scripts.ResultsClass.<init>(ResultsClass.java:38)
at com.subbuchinni.Scripts.ExcelOperations.<init>(ExcelOperations.java:36)
at com.subbuchinni.Scripts.ResultsClass.<init>(ResultsClass.java:38)
at com.subbuchinni.Scripts.ExcelOperations.<init>(ExcelOperations.java:36)
at com.subbuchinni.Scripts.ResultsClass.<init>(ResultsClass.java:38)
at com.subbuchinni.Scripts.ExcelOperations.<init>(ExcelOperations.java:36)
at com.subbuchinni.Scripts.ResultsClass.<init>(ResultsClass.java:38)
at com.subbuchinni.Scripts.ExcelOperations.<init>(ExcelOperations.java:36)
at com.subbuchinni.Scripts.ResultsClass.<init>(ResultsClass.java:38)
at com.subbuchinni.Scripts.ExcelOperations.<init>(ExcelOperations.java:36)
at com.subbuchinni.Scripts.ResultsClass.<init>(ResultsClass.java:38)
at com.subbuchinni.Scripts.ExcelOperations.<init>(ExcelOperations.java:36)
at com.subbuchinni.Scripts.ResultsClass.<init>(ResultsClass.java:38)
at com.subbuchinni.Scripts.ExcelOperations.<init>(ExcelOperations.java:36)
at com.subbuchinni.Scripts.ResultsClass.<init>(ResultsClass.java:38)
at com.subbuchinni.Scripts.ExcelOperations.<init>(ExcelOperations.java:36)
at com.subbuchinni.Scripts.ResultsClass.<init>(ResultsClass.java:38)
at com.subbuchinni.Scripts.ExcelOperations.<init>(ExcelOperations.java:36)
at com.subbuchinni.Scripts.ResultsClass.<init>(ResultsClass.java:38)
at com.subbuchinni.Scripts.ExcelOperations.<init>(ExcelOperations.java:36)
at com.subbuchinni.Scripts.ResultsClass.<init>(ResultsClass.java:38)
at com.subbuchinni.Scripts.ExcelOperations.<init>(ExcelOperations.java:36)
at com.subbuchinni.Scripts.ResultsClass.<init>(ResultsClass.java:38)
at com.subbuchinni.Scripts.ExcelOperations.<init>(ExcelOperations.java:36)
at com.subbuchinni.Scripts.ResultsClass.<init>(ResultsClass.java:38)
at com.subbuchinni.Scripts.ExcelOperations.<init>(ExcelOperations.java:36)
at com.subbuchinni.Scripts.ResultsClass.<init>(ResultsClass.java:38)
at com.subbuchinni.Scripts.ExcelOperations.<init>(ExcelOperations.java:36)
at com.subbuchinni.Scripts.ResultsClass.<init>(ResultsClass.java:38)
at com.subbuchinni.Scripts.ExcelOperations.<init>(ExcelOperations.java:36)
at com.subbuchinni.Scripts.ResultsClass.<init>(ResultsClass.java:38)
at com.subbuchinni.Scripts.ExcelOperations.<init>(ExcelOperations.java:36)
at com.subbuchinni.Scripts.ResultsClass.<init>(ResultsClass.java:38)
at com.subbuchinni.Scripts.ExcelOperations.<init>(ExcelOperations.java:36)
at com.subbuchinni.Scripts.ResultsClass.<init>(ResultsClass.java:38)
at com.subbuchinni.Scripts.ExcelOperations.<init>(ExcelOperations.java:36)
at com.subbuchinni.Scripts.ResultsClass.<init>(ResultsClass.java:38)
at com.subbuchinni.Scripts.ExcelOperations.<init>(ExcelOperations.java:36)
at com.subbuchinni.Scripts.ResultsClass.<init>(ResultsClass.java:38)
at com.subbuchinni.Scripts.ExcelOperations.<init>(ExcelOperations.java:36)
at com.subbuchinni.Scripts.ResultsClass.<init>(ResultsClass.java:38)
at com.subbuchinni.Scripts.ExcelOperations.<init>(ExcelOperations.java:36)
at com.subbuchinni.Scripts.ResultsClass.<init>(ResultsClass.java:38)
at com.subbuchinni.Scripts.ExcelOperations.<init>(ExcelOperations.java:36)
at com.subbuchinni.Scripts.ResultsClass.<init>(ResultsClass.java:38)
at com.subbuchinni.Scripts.ExcelOperations.<init>(ExcelOperations.java:36)
at com.subbuchinni.Scripts.ResultsClass.<init>(ResultsClass.java:38)
at com.subbuchinni.Scripts.ExcelOperations.<init>(ExcelOperations.java:36)
at com.subbuchinni.Scripts.ResultsClass.<init>(ResultsClass.java:38)
at com.subbuchinni.Scripts.ExcelOperations.<init>(ExcelOperations.java:36)
at com.subbuchinni.Scripts.ResultsClass.<init>(ResultsClass.java:38)
at com.subbuchinni.Scripts.ExcelOperations.<init>(ExcelOperations.java:36)
at com.subbuchinni.Scripts.ResultsClass.<init>(ResultsClass.java:38)
at com.subbuchinni.Scripts.ExcelOperations.<init>(ExcelOperations.java:36)
at com.subbuchinni.Scripts.ResultsClass.<init>(ResultsClass.java:38)
at com.subbuchinni.Scripts.ExcelOperations.<init>(ExcelOperations.java:36)
at com.subbuchinni.Scripts.ResultsClass.<init>(ResultsClass.java:38)
at com.subbuchinni.Scripts.ExcelOperations.<init>(ExcelOperations.java:36)
at com.subbuchinni.Scripts.ResultsClass.<init>(ResultsClass.java:38)
at com.subbuchinni.Scripts.ExcelOperations.<init>(ExcelOperations.java:36)
at com.subbuchinni.Scripts.ResultsClass.<init>(ResultsClass.java:38)
at com.subbuchinni.Scripts.ExcelOperations.<init>(ExcelOperations.java:36)
at com.subbuchinni.Scripts.ResultsClass.<init>(ResultsClass.java:38)
at com.subbuchinni.Scripts.ExcelOperations.<init>(ExcelOperations.java:36)
at com.subbuchinni.Scripts.ResultsClass.<init>(ResultsClass.java:38)
at com.subbuchinni.Scripts.ExcelOperations.<init>(ExcelOperations.java:36)
at com.subbuchinni.Scripts.ResultsClass.<init>(ResultsClass.java:38)
at com.subbuchinni.Scripts.ExcelOperations.<init>(ExcelOperations.java:36)
at com.subbuchinni.Scripts.ResultsClass.<init>(ResultsClass.java:38)
at com.subbuchinni.Scripts.ExcelOperations.<init>(ExcelOperations.java:36)
at com.subbuchinni.Scripts.ResultsClass.<init>(ResultsClass.java:38)
at com.subbuchinni.Scripts.ExcelOperations.<init>(ExcelOperations.java:36)
at com.subbuchinni.Scripts.ResultsClass.<init>(ResultsClass.java:38)
at com.subbuchinni.Scripts.ExcelOperations.<init>(ExcelOperations.java:36)
at com.subbuchinni.Scripts.ResultsClass.<init>(ResultsClass.java:38)
at com.subbuchinni.Scripts.ExcelOperations.<init>(ExcelOperations.java:36)
at com.subbuchinni.Scripts.ResultsClass.<init>(ResultsClass.java:38)
at com.subbuchinni.Scripts.ExcelOperations.<init>(ExcelOperations.java:36)
at com.subbuchinni.Scripts.ResultsClass.<init>(ResultsClass.java:38)
at com.subbuchinni.Scripts.ExcelOperations.<init>(ExcelOperations.java:36)
at com.subbuchinni.Scripts.ResultsClass.<init>(ResultsClass.java:38)
at com.subbuchinni.Scripts.ExcelOperations.<init>(ExcelOperations.java:36)
at com.subbuchinni.Scripts.ResultsClass.<init>(ResultsClass.java:38)
at com.subbuchinni.Scripts.ExcelOperations.<init>(ExcelOperations.java:36)
at com.subbuchinni.Scripts.ResultsClass.<init>(ResultsClass.java:38)
at com.subbuchinni.Scripts.ExcelOperations.<init>(ExcelOperations.java:36)
at com.subbuchinni.Scripts.ResultsClass.<init>(ResultsClass.java:38)
at com.subbuchinni.Scripts.ExcelOperations.<init>(ExcelOperations.java:36)
at com.subbuchinni.Scripts.ResultsClass.<init>(ResultsClass.java:38)
at com.subbuchinni.Scripts.ExcelOperations.<init>(ExcelOperations.java:36)
at com.subbuchinni.Scripts.ResultsClass.<init>(ResultsClass.java:38)
at com.subbuchinni.Scripts.ExcelOperations.<init>(ExcelOperations.java:36)
at com.subbuchinni.Scripts.ResultsClass.<init>(ResultsClass.java:38)
at com.subbuchinni.Scripts.ExcelOperations.<init>(ExcelOperations.java:36)
at com.subbuchinni.Scripts.ResultsClass.<init>(ResultsClass.java:38)
at com.subbuchinni.Scripts.ExcelOperations.<init>(ExcelOperations.java:36)
at com.subbuchinni.Scripts.ResultsClass.<init>(ResultsClass.java:38)
at com.subbuchinni.Scripts.ExcelOperations.<init>(ExcelOperations.java:36)
at com.subbuchinni.Scripts.ResultsClass.<init>(ResultsClass.java:38)
at com.subbuchinni.Scripts.ExcelOperations.<init>(ExcelOperations.java:36)
at com.subbuchinni.Scripts.ResultsClass.<init>(ResultsClass.java:38)
at com.subbuchinni.Scripts.ExcelOperations.<init>(ExcelOperations.java:36)
at com.subbuchinni.Scripts.ResultsClass.<init>(ResultsClass.java:38)
at com.subbuchinni.Scripts.ExcelOperations.<init>(ExcelOperations.java:36)
at com.subbuchinni.Scripts.ResultsClass.<init>(ResultsClass.java:38)
at com.subbuchinni.Scripts.ExcelOperations.<init>(ExcelOperations.java:36)
at com.subbuchinni.Scripts.ResultsClass.<init>(ResultsClass.java:38)
at com.subbuchinni.Scripts.ExcelOperations.<init>(ExcelOperations.java:36)
at com.subbuchinni.Scripts.ResultsClass.<init>(ResultsClass.java:38)
at com.subbuchinni.Scripts.ExcelOperations.<init>(ExcelOperations.java:36)
at com.subbuchinni.Scripts.ResultsClass.<init>(ResultsClass.java:38)
at com.subbuchinni.Scripts.ExcelOperations.<init>(ExcelOperations.java:36)
at com.subbuchinni.Scripts.ResultsClass.<init>(ResultsClass.java:38)
at com.subbuchinni.Scripts.ExcelOperations.<init>(ExcelOperations.java:36)
at com.subbuchinni.Scripts.ResultsClass.<init>(ResultsClass.java:38)
at com.subbuchinni.Scripts.ExcelOperations.<init>(ExcelOperations.java:36)
at com.subbuchinni.Scripts.ResultsClass.<init>(ResultsClass.java:38)
at com.subbuchinni.Scripts.ExcelOperations.<init>(ExcelOperations.java:36)
at com.subbuchinni.Scripts.ResultsClass.<init>(ResultsClass.java:38)
at com.subbuchinni.Scripts.ExcelOperations.<init>(ExcelOperations.java:36)
at com.subbuchinni.Scripts.ResultsClass.<init>(ResultsClass.java:38)
at com.subbuchinni.Scripts.ExcelOperations.<init>(ExcelOperations.java:36)
at com.subbuchinni.Scripts.ResultsClass.<init>(ResultsClass.java:38)
at com.subbuchinni.Scripts.ExcelOperations.<init>(ExcelOperations.java:36)
at com.subbuchinni.Scripts.ResultsClass.<init>(ResultsClass.java:38)
at com.subbuchinni.Scripts.ExcelOperations.<init>(ExcelOperations.java:36)
at com.subbuchinni.Scripts.ResultsClass.<init>(ResultsClass.java:38)
at com.subbuchinni.Scripts.ExcelOperations.<init>(ExcelOperations.java:36)
at com.subbuchinni.Scripts.ResultsClass.<init>(ResultsClass.java:38)
at com.subbuchinni.Scripts.ExcelOperations.<init>(ExcelOperations.java:36)
at com.subbuchinni.Scripts.ResultsClass.<init>(ResultsClass.java:38)
at com.subbuchinni.Scripts.ExcelOperations.<init>(ExcelOperations.java:36)
at com.subbuchinni.Scripts.ResultsClass.<init>(ResultsClass.java:38)
at com.subbuchinni.Scripts.ExcelOperations.<init>(ExcelOperations.java:36)
at com.subbuchinni.Scripts.ResultsClass.<init>(ResultsClass.java:38)
at com.subbuchinni.Scripts.ExcelOperations.<init>(ExcelOperations.java:36)
at com.subbuchinni.Scripts.ResultsClass.<init>(ResultsClass.java:38)
at com.subbuchinni.Scripts.ExcelOperations.<init>(ExcelOperations.java:36)
at com.subbuchinni.Scripts.ResultsClass.<init>(ResultsClass.java:38)
at com.subbuchinni.Scripts.ExcelOperations.<init>(ExcelOperations.java:36)
at com.subbuchinni.Scripts.ResultsClass.<init>(ResultsClass.java:38)
at com.subbuchinni.Scripts.ExcelOperations.<init>(ExcelOperations.java:36)
at com.subbuchinni.Scripts.ResultsClass.<init>(ResultsClass.java:38)
at com.subbuchinni.Scripts.ExcelOperations.<init>(ExcelOperations.java:36)
at com.subbuchinni.Scripts.ResultsClass.<init>(ResultsClass.java:38)
at com.subbuchinni.Scripts.ExcelOperations.<init>(ExcelOperations.java:36)
at com.subbuchinni.Scripts.ResultsClass.<init>(ResultsClass.java:38)
at com.subbuchinni.Scripts.ExcelOperations.<init>(ExcelOperations.java:36)
at com.subbuchinni.Scripts.ResultsClass.<init>(ResultsClass.java:38)
at com.subbuchinni.Scripts.ExcelOperations.<init>(ExcelOperations.java:36)
at com.subbuchinni.Scripts.ResultsClass.<init>(ResultsClass.java:38)
at com.subbuchinni.Scripts.ExcelOperations.<init>(ExcelOperations.java:36)
at com.subbuchinni.Scripts.ResultsClass.<init>(ResultsClass.java:38)
at com.subbuchinni.Scripts.ExcelOperations.<init>(ExcelOperations.java:36)
at com.subbuchinni.Scripts.ResultsClass.<init>(ResultsClass.java:38)
at com.subbuchinni.Scripts.ExcelOperations.<init>(ExcelOperations.java:36)
at com.subbuchinni.Scripts.ResultsClass.<init>(ResultsClass.java:38)
at com.subbuchinni.Scripts.ExcelOperations.<init>(ExcelOperations.java:36)
at com.subbuchinni.Scripts.ResultsClass.<init>(ResultsClass.java:38)
at com.subbuchinni.Scripts.ExcelOperations.<init>(ExcelOperations.java:36)
at com.subbuchinni.Scripts.ResultsClass.<init>(ResultsClass.java:38)
at com.subbuchinni.Scripts.ExcelOperations.<init>(ExcelOperations.java:36)
at com.subbuchinni.Scripts.ResultsClass.<init>(ResultsClass.java:38)
at com.subbuchinni.Scripts.ExcelOperations.<init>(ExcelOperations.java:36)
at com.subbuchinni.Scripts.ResultsClass.<init>(ResultsClass.java:38)
at com.subbuchinni.Scripts.ExcelOperations.<init>(ExcelOperations.java:36)
at com.subbuchinni.Scripts.ResultsClass.<init>(ResultsClass.java:38)
at com.subbuchinni.Scripts.ExcelOperations.<init>(ExcelOperations.java:36)
at com.subbuchinni.Scripts.ResultsClass.<init>(ResultsClass.java:38)
at com.subbuchinni.Scripts.ExcelOperations.<init>(ExcelOperations.java:36)
at com.subbuchinni.Scripts.ResultsClass.<init>(ResultsClass.java:38)
at com.subbuchinni.Scripts.ExcelOperations.<init>(ExcelOperations.java:36)
at com.subbuchinni.Scripts.ResultsClass.<init>(ResultsClass.java:38)
at com.subbuchinni.Scripts.ExcelOperations.<init>(ExcelOperations.java:36)
at com.subbuchinni.Scripts.ResultsClass.<init>(ResultsClass.java:38)
at com.subbuchinni.Scripts.ExcelOperations.<init>(ExcelOperations.java:36)
at com.subbuchinni.Scripts.ResultsClass.<init>(ResultsClass.java:38)
at com.subbuchinni.Scripts.ExcelOperations.<init>(ExcelOperations.java:36)
at com.subbuchinni.Scripts.ResultsClass.<init>(ResultsClass.java:38)
at com.subbuchinni.Scripts.ExcelOperations.<init>(ExcelOperations.java:36)
at com.subbuchinni.Scripts.ResultsClass.<init>(ResultsClass.java:38)
at com.subbuchinni.Scripts.ExcelOperations.<init>(ExcelOperations.java:36)
at com.subbuchinni.Scripts.ResultsClass.<init>(ResultsClass.java:38)
at com.subbuchinni.Scripts.ExcelOperations.<init>(ExcelOperations.java:36)
at com.subbuchinni.Scripts.ResultsClass.<init>(ResultsClass.java:38)
at com.subbuchinni.Scripts.ExcelOperations.<init>(ExcelOperations.java:36)
at com.subbuchinni.Scripts.ResultsClass.<init>(ResultsClass.java:38)
at com.subbuchinni.Scripts.ExcelOperations.<init>(ExcelOperations.java:36)
at com.subbuchinni.Scripts.ResultsClass.<init>(ResultsClass.java:38)
at com.subbuchinni.Scripts.ExcelOperations.<init>(ExcelOperations.java:36)
at com.subbuchinni.Scripts.ResultsClass.<init>(ResultsClass.java:38)
at com.subbuchinni.Scripts.ExcelOperations.<init>(ExcelOperations.java:36)
at com.subbuchinni.Scripts.ResultsClass.<init>(ResultsClass.java:38)
at com.subbuchinni.Scripts.ExcelOperations.<init>(ExcelOperations.java:36)
at com.subbuchinni.Scripts.ResultsClass.<init>(ResultsClass.java:38)
at com.subbuchinni.Scripts.ExcelOperations.<init>(ExcelOperations.java:36)
at com.subbuchinni.Scripts.ResultsClass.<init>(ResultsClass.java:38)
at com.subbuchinni.Scripts.ExcelOperations.<init>(ExcelOperations.java:36)
at com.subbuchinni.Scripts.ResultsClass.<init>(ResultsClass.java:38)
at com.subbuchinni.Scripts.ExcelOperations.<init>(ExcelOperations.java:36)
at com.subbuchinni.Scripts.ResultsClass.<init>(ResultsClass.java:38)
at com.subbuchinni.Scripts.ExcelOperations.<init>(ExcelOperations.java:36)
at com.subbuchinni.Scripts.ResultsClass.<init>(ResultsClass.java:38)
at com.subbuchinni.Scripts.ExcelOperations.<init>(ExcelOperations.java:36)
at com.subbuchinni.Scripts.ResultsClass.<init>(ResultsClass.java:38)
at com.subbuchinni.Scripts.ExcelOperations.<init>(ExcelOperations.java:36)
at com.subbuchinni.Scripts.ResultsClass.<init>(ResultsClass.java:38)
at com.subbuchinni.Scripts.ExcelOperations.<init>(ExcelOperations.java:36)
at com.subbuchinni.Scripts.ResultsClass.<init>(ResultsClass.java:38)
at com.subbuchinni.Scripts.ExcelOperations.<init>(ExcelOperations.java:36)
at com.subbuchinni.Scripts.ResultsClass.<init>(ResultsClass.java:38)
at com.subbuchinni.Scripts.ExcelOperations.<init>(ExcelOperations.java:36)
at com.subbuchinni.Scripts.ResultsClass.<init>(ResultsClass.java:38)
at com.subbuchinni.Scripts.ExcelOperations.<init>(ExcelOperations.java:36)
at com.subbuchinni.Scripts.ResultsClass.<init>(ResultsClass.java:38)
at com.subbuchinni.Scripts.ExcelOperations.<init>(ExcelOperations.java:36)
at com.subbuchinni.Scripts.ResultsClass.<init>(ResultsClass.java:38)
at com.subbuchinni.Scripts.ExcelOperations.<init>(ExcelOperations.java:36)
at com.subbuchinni.Scripts.ResultsClass.<init>(ResultsClass.java:38)
at com.subbuchinni.Scripts.ExcelOperations.<init>(ExcelOperations.java:36)
at com.subbuchinni.Scripts.ResultsClass.<init>(ResultsClass.java:38)
at com.subbuchinni.Scripts.ExcelOperations.<init>(ExcelOperations.java:36)
at com.subbuchinni.Scripts.ResultsClass.<init>(ResultsClass.java:38)
at com.subbuchinni.Scripts.ExcelOperations.<init>(ExcelOperations.java:36)
at com.subbuchinni.Scripts.ResultsClass.<init>(ResultsClass.java:38)
at com.subbuchinni.Scripts.ExcelOperations.<init>(ExcelOperations.java:36)
at com.subbuchinni.Scripts.ResultsClass.<init>(ResultsClass.java:38)
at com.subbuchinni.Scripts.ExcelOperations.<init>(ExcelOperations.java:36)
at com.subbuchinni.Scripts.ResultsClass.<init>(ResultsClass.java:38)
at com.subbuchinni.Scripts.ExcelOperations.<init>(ExcelOperations.java:36)
at com.subbuchinni.Scripts.ResultsClass.<init>(ResultsClass.java:38)
at com.subbuchinni.Scripts.ExcelOperations.<init>(ExcelOperations.java:36)
at com.subbuchinni.Scripts.ResultsClass.<init>(ResultsClass.java:38)
at com.subbuchinni.Scripts.ExcelOperations.<init>(ExcelOperations.java:36)
at com.subbuchinni.Scripts.ResultsClass.<init>(ResultsClass.java:38)
at com.subbuchinni.Scripts.ExcelOperations.<init>(ExcelOperations.java:36)
at com.subbuchinni.Scripts.ResultsClass.<init>(ResultsClass.java:38)
at com.subbuchinni.Scripts.ExcelOperations.<init>(ExcelOperations.java:36)
at com.subbuchinni.Scripts.ResultsClass.<init>(ResultsClass.java:38)
at com.subbuchinni.Scripts.ExcelOperations.<init>(ExcelOperations.java:36)
at com.subbuchinni.Scripts.ResultsClass.<init>(ResultsClass.java:38)
at com.subbuchinni.Scripts.ExcelOperations.<init>(ExcelOperations.java:36)
at com.subbuchinni.Scripts.ResultsClass.<init>(ResultsClass.java:38)
at com.subbuchinni.Scripts.ExcelOperations.<init>(ExcelOperations.java:36)
at com.subbuchinni.Scripts.ResultsClass.<init>(ResultsClass.java:38)
at com.subbuchinni.Scripts.ExcelOperations.<init>(ExcelOperations.java:36)
at com.subbuchinni.Scripts.ResultsClass.<init>(ResultsClass.java:38)
at com.subbuchinni.Scripts.ExcelOperations.<init>(ExcelOperations.java:36)
at com.subbuchinni.Scripts.ResultsClass.<init>(ResultsClass.java:38)
at com.subbuchinni.Scripts.ExcelOperations.<init>(ExcelOperations.java:36)
at com.subbuchinni.Scripts.ResultsClass.<init>(ResultsClass.java:38)
at com.subbuchinni.Scripts.ExcelOperations.<init>(ExcelOperations.java:36)
at com.subbuchinni.Scripts.ResultsClass.<init>(ResultsClass.java:38)
at com.subbuchinni.Scripts.ExcelOperations.<init>(ExcelOperations.java:36)
at com.subbuchinni.Scripts.ResultsClass.<init>(ResultsClass.java:38)
at com.subbuchinni.Scripts.ExcelOperations.<init>(ExcelOperations.java:36)
at com.subbuchinni.Scripts.ResultsClass.<init>(ResultsClass.java:38)
at com.subbuchinni.Scripts.ExcelOperations.<init>(ExcelOperations.java:36)
at com.subbuchinni.Scripts.ResultsClass.<init>(ResultsClass.java:38)
at com.subbuchinni.Scripts.ExcelOperations.<init>(ExcelOperations.java:36)
at com.subbuchinni.Scripts.ResultsClass.<init>(ResultsClass.java:38)
at com.subbuchinni.Scripts.ExcelOperations.<init>(ExcelOperations.java:36)
at com.subbuchinni.Scripts.ResultsClass.<init>(ResultsClass.java:38)
at com.subbuchinni.Scripts.ExcelOperations.<init>(ExcelOperations.java:36)
at com.subbuchinni.Scripts.ResultsClass.<init>(ResultsClass.java:38)
at com.subbuchinni.Scripts.ExcelOperations.<init>(ExcelOperations.java:36)
at com.subbuchinni.Scripts.ResultsClass.<init>(ResultsClass.java:38)
at com.subbuchinni.Scripts.ExcelOperations.<init>(ExcelOperations.java:36)
at com.subbuchinni.Scripts.ResultsClass.<init>(ResultsClass.java:38)
at com.subbuchinni.Scripts.ExcelOperations.<init>(ExcelOperations.java:36)
at com.subbuchinni.Scripts.ResultsClass.<init>(ResultsClass.java:38)
at com.subbuchinni.Scripts.ExcelOperations.<init>(ExcelOperations.java:36)
at com.subbuchinni.Scripts.ResultsClass.<init>(ResultsClass.java:38)
at com.subbuchinni.Scripts.ExcelOperations.<init>(ExcelOperations.java:36)
at com.subbuchinni.Scripts.ResultsClass.<init>(ResultsClass.java:38)
at com.subbuchinni.Scripts.ExcelOperations.<init>(ExcelOperations.java:36)
at com.subbuchinni.Scripts.ResultsClass.<init>(ResultsClass.java:38)
at com.subbuchinni.Scripts.ExcelOperations.<init>(ExcelOperations.java:36)
at com.subbuchinni.Scripts.ResultsClass.<init>(ResultsClass.java:38)
at com.subbuchinni.Scripts.ExcelOperations.<init>(ExcelOperations.java:36)
at com.subbuchinni.Scripts.ResultsClass.<init>(ResultsClass.java:38)
at com.subbuchinni.Scripts.ExcelOperations.<init>(ExcelOperations.java:36)
at com.subbuchinni.Scripts.ResultsClass.<init>(ResultsClass.java:38)
at com.subbuchinni.Scripts.ExcelOperations.<init>(ExcelOperations.java:36)
at com.subbuchinni.Scripts.ResultsClass.<init>(ResultsClass.java:38)
at com.subbuchinni.Scripts.ExcelOperations.<init>(ExcelOperations.java:36)
at com.subbuchinni.Scripts.ResultsClass.<init>(ResultsClass.java:38)
at com.subbuchinni.Scripts.ExcelOperations.<init>(ExcelOperations.java:36)
at com.subbuchinni.Scripts.ResultsClass.<init>(ResultsClass.java:38)
at com.subbuchinni.Scripts.ExcelOperations.<init>(ExcelOperations.java:36)
at com.subbuchinni.Scripts.ResultsClass.<init>(ResultsClass.java:38)
at com.subbuchinni.Scripts.ExcelOperations.<init>(ExcelOperations.java:36)
at com.subbuchinni.Scripts.ResultsClass.<init>(ResultsClass.java:38)
at com.subbuchinni.Scripts.ExcelOperations.<init>(ExcelOperations.java:36)
at com.subbuchinni.Scripts.ResultsClass.<init>(ResultsClass.java:38)
at com.subbuchinni.Scripts.ExcelOperations.<init>(ExcelOperations.java:36)
at com.subbuchinni.Scripts.ResultsClass.<init>(ResultsClass.java:38)
at com.subbuchinni.Scripts.ExcelOperations.<init>(ExcelOperations.java:36)
at com.subbuchinni.Scripts.ResultsClass.<init>(ResultsClass.java:38)
at com.subbuchinni.Scripts.ExcelOperations.<init>(ExcelOperations.java:36)
at com.subbuchinni.Scripts.ResultsClass.<init>(ResultsClass.java:38)
at com.subbuchinni.Scripts.ExcelOperations.<init>(ExcelOperations.java:36)
at com.subbuchinni.Scripts.ResultsClass.<init>(ResultsClass.java:38)
at com.subbuchinni.Scripts.ExcelOperations.<init>(ExcelOperations.java:36)
at com.subbuchinni.Scripts.ResultsClass.<init>(ResultsClass.java:38)
at com.subbuchinni.Scripts.ExcelOperations.<init>(ExcelOperations.java:36)
at com.subbuchinni.Scripts.ResultsClass.<init>(ResultsClass.java:38)
at com.subbuchinni.Scripts.ExcelOperations.<init>(ExcelOperations.java:36)
at com.subbuchinni.Scripts.ResultsClass.<init>(ResultsClass.java:38)
at com.subbuchinni.Scripts.ExcelOperations.<init>(ExcelOperations.java:36)
at com.subbuchinni.Scripts.ResultsClass.<init>(ResultsClass.java:38)
at com.subbuchinni.Scripts.ExcelOperations.<init>(ExcelOperations.java:36)
at com.subbuchinni.Scripts.ResultsClass.<init>(ResultsClass.java:38)
at com.subbuchinni.Scripts.ExcelOperations.<init>(ExcelOperations.java:36)
at com.subbuchinni.Scripts.ResultsClass.<init>(ResultsClass.java:38)
at com.subbuchinni.Scripts.ExcelOperations.<init>(ExcelOperations.java:36)
at com.subbuchinni.Scripts.ResultsClass.<init>(ResultsClass.java:38)
at com.subbuchinni.Scripts.ExcelOperations.<init>(ExcelOperations.java:36)
at com.subbuchinni.Scripts.ResultsClass.<init>(ResultsClass.java:38)
at com.subbuchinni.Scripts.ExcelOperations.<init>(ExcelOperations.java:36)
at com.subbuchinni.Scripts.ResultsClass.<init>(ResultsClass.java:38)
at com.subbuchinni.Scripts.ExcelOperations.<init>(ExcelOperations.java:36)
at com.subbuchinni.Scripts.ResultsClass.<init>(ResultsClass.java:38)
at com.subbuchinni.Scripts.ExcelOperations.<init>(ExcelOperations.java:36)
at com.subbuchinni.Scripts.ResultsClass.<init>(ResultsClass.java:38)
at com.subbuchinni.Scripts.ExcelOperations.<init>(ExcelOperations.java:36)
at com.subbuchinni.Scripts.ResultsClass.<init>(ResultsClass.java:38)
at com.subbuchinni.Scripts.ExcelOperations.<init>(ExcelOperations.java:36)
at com.subbuchinni.Scripts.ResultsClass.<init>(ResultsClass.java:38)
at com.subbuchinni.Scripts.ExcelOperations.<init>(ExcelOperations.java:36)
at com.subbuchinni.Scripts.ResultsClass.<init>(ResultsClass.java:38)
at com.subbuchinni.Scripts.ExcelOperations.<init>(ExcelOperations.java:36)
at com.subbuchinni.Scripts.ResultsClass.<init>(ResultsClass.java:38)
at com.subbuchinni.Scripts.ExcelOperations.<init>(ExcelOperations.java:36)
at com.subbuchinni.Scripts.ResultsClass.<init>(ResultsClass.java:38)
at com.subbuchinni.Scripts.ExcelOperations.<init>(ExcelOperations.java:36)
at com.subbuchinni.Scripts.ResultsClass.<init>(ResultsClass.java:38)
at com.subbuchinni.Scripts.ExcelOperations.<init>(ExcelOperations.java:36)
at com.subbuchinni.Scripts.ResultsClass.<init>(ResultsClass.java:38)
at com.subbuchinni.Scripts.ExcelOperations.<init>(ExcelOperations.java:36)
at com.subbuchinni.Scripts.ResultsClass.<init>(ResultsClass.java:38)
at com.subbuchinni.Scripts.ExcelOperations.<init>(ExcelOperations.java:36)
at com.subbuchinni.Scripts.ResultsClass.<init>(ResultsClass.java:38)
at com.subbuchinni.Scripts.ExcelOperations.<init>(ExcelOperations.java:36)
at com.subbuchinni.Scripts.ResultsClass.<init>(ResultsClass.java:38)
at com.subbuchinni.Scripts.ExcelOperations.<init>(ExcelOperations.java:36)
at com.subbuchinni.Scripts.ResultsClass.<init>(ResultsClass.java:38)
at com.subbuchinni.Scripts.ExcelOperations.<init>(ExcelOperations.java:36)
at com.subbuchinni.Scripts.ResultsClass.<init>(ResultsClass.java:38)
at com.subbuchinni.Scripts.ExcelOperations.<init>(ExcelOperations.java:36)
at com.subbuchinni.Scripts.ResultsClass.<init>(ResultsClass.java:38)
at com.subbuchinni.Scripts.ExcelOperations.<init>(ExcelOperations.java:36)
at com.subbuchinni.Scripts.ResultsClass.<init>(ResultsClass.java:38)
at com.subbuchinni.Scripts.ExcelOperations.<init>(ExcelOperations.java:36)
at com.subbuchinni.Scripts.ResultsClass.<init>(ResultsClass.java:38)
at com.subbuchinni.Scripts.ExcelOperations.<init>(ExcelOperations.java:36)
at com.subbuchinni.Scripts.ResultsClass.<init>(ResultsClass.java:38)
at com.subbuchinni.Scripts.ExcelOperations.<init>(ExcelOperations.java:36)
at com.subbuchinni.Scripts.ResultsClass.<init>(ResultsClass.java:38)
at com.subbuchinni.Scripts.ExcelOperations.<init>(ExcelOperations.java:36)
at com.subbuchinni.Scripts.ResultsClass.<init>(ResultsClass.java:38)
at com.subbuchinni.Scripts.ExcelOperations.<init>(ExcelOperations.java:36)
at com.subbuchinni.Scripts.ResultsClass.<init>(ResultsClass.java:38)
at com.subbuchinni.Scripts.ExcelOperations.<init>(ExcelOperations.java:36)
at com.subbuchinni.Scripts.ResultsClass.<init>(ResultsClass.java:38)
at com.subbuchinni.Scripts.ExcelOperations.<init>(ExcelOperations.java:36)
at com.subbuchinni.Scripts.ResultsClass.<init>(ResultsClass.java:38)
at com.subbuchinni.Scripts.ExcelOperations.<init>(ExcelOperations.java:36)
at com.subbuchinni.Scripts.ResultsClass.<init>(ResultsClass.java:38)
at com.subbuchinni.Scripts.ExcelOperations.<init>(ExcelOperations.java:36)
at com.subbuchinni.Scripts.ResultsClass.<init>(ResultsClass.java:38)
at com.subbuchinni.Scripts.ExcelOperations.<init>(ExcelOperations.java:36)
at com.subbuchinni.Scripts.ResultsClass.<init>(ResultsClass.java:38)
at com.subbuchinni.Scripts.ExcelOperations.<init>(ExcelOperations.java:36)
at com.subbuchinni.Scripts.ResultsClass.<init>(ResultsClass.java:38)
at com.subbuchinni.Scripts.ExcelOperations.<init>(ExcelOperations.java:36)
at com.subbuchinni.Scripts.ResultsClass.<init>(ResultsClass.java:38)
at com.subbuchinni.Scripts.ExcelOperations.<init>(ExcelOperations.java:36)
at com.subbuchinni.Scripts.ResultsClass.<init>(ResultsClass.java:38)
at com.subbuchinni.Scripts.ExcelOperations.<init>(ExcelOperations.java:36)
at com.subbuchinni.Scripts.ResultsClass.<init>(ResultsClass.java:38)
at com.subbuchinni.Scripts.ExcelOperations.<init>(ExcelOperations.java:36)
at com.subbuchinni.Scripts.ResultsClass.<init>(ResultsClass.java:38)
at com.subbuchinni.Scripts.ExcelOperations.<init>(ExcelOperations.java:36)
at com.subbuchinni.Scripts.ResultsClass.<init>(ResultsClass.java:38)
at com.subbuchinni.Scripts.ExcelOperations.<init>(ExcelOperations.java:36)
at com.subbuchinni.Scripts.ResultsClass.<init>(ResultsClass.java:38)
at com.subbuchinni.Scripts.ExcelOperations.<init>(ExcelOperations.java:36)
at com.subbuchinni.Scripts.ResultsClass.<init>(ResultsClass.java:38)
at com.subbuchinni.Scripts.ExcelOperations.<init>(ExcelOperations.java:36)
at com.subbuchinni.Scripts.ResultsClass.<init>(ResultsClass.java:38)
at com.subbuchinni.Scripts.ExcelOperations.<init>(ExcelOperations.java:36)
at com.subbuchinni.Scripts.ResultsClass.<init>(ResultsClass.java:38)
at com.subbuchinni.Scripts.ExcelOperations.<init>(ExcelOperations.java:36)
at com.subbuchinni.Scripts.ResultsClass.<init>(ResultsClass.java:38)
at com.subbuchinni.Scripts.ExcelOperations.<init>(ExcelOperations.java:36)
at com.subbuchinni.Scripts.ResultsClass.<init>(ResultsClass.java:38)
at com.subbuchinni.Scripts.ExcelOperations.<init>(ExcelOperations.java:36)
at com.subbuchinni.Scripts.ResultsClass.<init>(ResultsClass.java:38)
at com.subbuchinni.Scripts.ExcelOperations.<init>(ExcelOperations.java:36)
at com.subbuchinni.Scripts.ResultsClass.<init>(ResultsClass.java:38)
at com.subbuchinni.Scripts.ExcelOperations.<init>(ExcelOperations.java:36)
at com.subbuchinni.Scripts.ResultsClass.<init>(ResultsClass.java:38)
at com.subbuchinni.Scripts.ExcelOperations.<init>(ExcelOperations.java:36)
at com.subbuchinni.Scripts.ResultsClass.<init>(ResultsClass.java:38)
at com.subbuchinni.Scripts.ExcelOperations.<init>(ExcelOperations.java:36)
at com.subbuchinni.Scripts.ResultsClass.<init>(ResultsClass.java:38)
at com.subbuchinni.Scripts.ExcelOperations.<init>(ExcelOperations.java:36)
at com.subbuchinni.Scripts.ResultsClass.<init>(ResultsClass.java:38)
at com.subbuchinni.Scripts.ExcelOperations.<init>(ExcelOperations.java:36)
at com.subbuchinni.Scripts.ResultsClass.<init>(ResultsClass.java:38)
at com.subbuchinni.Scripts.ExcelOperations.<init>(ExcelOperations.java:36)
at com.subbuchinni.Scripts.ResultsClass.<init>(ResultsClass.java:38)
at com.subbuchinni.Scripts.ExcelOperations.<init>(ExcelOperations.java:36)
at com.subbuchinni.Scripts.ResultsClass.<init>(ResultsClass.java:38)
at com.subbuchinni.Scripts.ExcelOperations.<init>(ExcelOperations.java:36)
at com.subbuchinni.Scripts.ResultsClass.<init>(ResultsClass.java:38)
at com.subbuchinni.Scripts.ExcelOperations.<init>(ExcelOperations.java:36)
at com.subbuchinni.Scripts.ResultsClass.<init>(ResultsClass.java:38)
at com.subbuchinni.Scripts.ExcelOperations.<init>(ExcelOperations.java:36)
at com.subbuchinni.Scripts.ResultsClass.<init>(ResultsClass.java:38)
at com.subbuchinni.Scripts.ExcelOperations.<init>(ExcelOperations.java:36)
at com.subbuchinni.Scripts.ResultsClass.<init>(ResultsClass.java:38)
at com.subbuchinni.Scripts.ExcelOperations.<init>(ExcelOperations.java:36)
at com.subbuchinni.Scripts.ResultsClass.<init>(ResultsClass.java:38)
at com.subbuchinni.Scripts.ExcelOperations.<init>(ExcelOperations.java:36)
at com.subbuchinni.Scripts.ResultsClass.<init>(ResultsClass.java:38)
at com.subbuchinni.Scripts.ExcelOperations.<init>(ExcelOperations.java:36)
at com.subbuchinni.Scripts.ResultsClass.<init>(ResultsClass.java:38)
at com.subbuchinni.Scripts.ExcelOperations.<init>(ExcelOperations.java:36)
at com.subbuchinni.Scripts.ResultsClass.<init>(ResultsClass.java:38)
at com.subbuchinni.Scripts.ExcelOperations.<init>(ExcelOperations.java:36)
at com.subbuchinni.Scripts.ResultsClass.<init>(ResultsClass.java:38)
at com.subbuchinni.Scripts.ExcelOperations.<init>(ExcelOperations.java:36)
at com.subbuchinni.Scripts.ResultsClass.<init>(ResultsClass.java:38)
at com.subbuchinni.Scripts.ExcelOperations.<init>(ExcelOperations.java:36)
at com.subbuchinni.Scripts.ResultsClass.<init>(ResultsClass.java:38)
at com.subbuchinni.Scripts.ExcelOperations.<init>(ExcelOperations.java:36)
at com.subbuchinni.Scripts.ResultsClass.<init>(ResultsClass.java:38)
at com.subbuchinni.Scripts.ExcelOperations.<init>(ExcelOperations.java:36)
at com.subbuchinni.Scripts.ResultsClass.<init>(ResultsClass.java:38)
at com.subbuchinni.Scripts.ExcelOperations.<init>(ExcelOperations.java:36)
at com.subbuchinni.Scripts.ResultsClass.<init>(ResultsClass.java:38)
at com.subbuchinni.Scripts.ExcelOperations.<init>(ExcelOperations.java:36)
at com.subbuchinni.Scripts.ResultsClass.<init>(ResultsClass.java:38)
at com.subbuchinni.Scripts.ExcelOperations.<init>(ExcelOperations.java:36)
at com.subbuchinni.Scripts.ResultsClass.<init>(ResultsClass.java:38)
at com.subbuchinni.Scripts.ExcelOperations.<init>(ExcelOperations.java:36)
at com.subbuchinni.Scripts.ResultsClass.<init>(ResultsClass.java:38)
at com.subbuchinni.Scripts.ExcelOperations.<init>(ExcelOperations.java:36)
at com.subbuchinni.Scripts.ResultsClass.<init>(ResultsClass.java:38)
at com.subbuchinni.Scripts.ExcelOperations.<init>(ExcelOperations.java:36)
at com.subbuchinni.Scripts.ResultsClass.<init>(ResultsClass.java:38)
at com.subbuchinni.Scripts.ExcelOperations.<init>(ExcelOperations.java:36)
at com.subbuchinni.Scripts.ResultsClass.<init>(ResultsClass.java:38)
at com.subbuchinni.Scripts.ExcelOperations.<init>(ExcelOperations.java:36)
at com.subbuchinni.Scripts.ResultsClass.<init>(ResultsClass.java:38)
at com.subbuchinni.Scripts.ExcelOperations.<init>(ExcelOperations.java:36)
at com.subbuchinni.Scripts.ResultsClass.<init>(ResultsClass.java:38)
at com.subbuchinni.Scripts.ExcelOperations.<init>(ExcelOperations.java:36)
at com.subbuchinni.Scripts.ResultsClass.<init>(ResultsClass.java:38)
at com.subbuchinni.Scripts.ExcelOperations.<init>(ExcelOperations.java:36)
at com.subbuchinni.Scripts.ResultsClass.<init>(ResultsClass.java:38)
at com.subbuchinni.Scripts.ExcelOperations.<init>(ExcelOperations.java:36)
at com.subbuchinni.Scripts.ResultsClass.<init>(ResultsClass.java:38)
at com.subbuchinni.Scripts.ExcelOperations.<init>(ExcelOperations.java:36)
at com.subbuchinni.Scripts.ResultsClass.<init>(ResultsClass.java:38)
at com.subbuchinni.Scripts.ExcelOperations.<init>(ExcelOperations.java:36)
at com.subbuchinni.Scripts.ResultsClass.<init>(ResultsClass.java:38)
at com.subbuchinni.Scripts.ExcelOperations.<init>(ExcelOperations.java:36)
at com.subbuchinni.Scripts.ResultsClass.<init>(ResultsClass.java:38)
at com.subbuchinni.Scripts.ExcelOperations.<init>(ExcelOperations.java:36)
at com.subbuchinni.Scripts.ResultsClass.<init>(ResultsClass.java:38)
at com.subbuchinni.Scripts.ExcelOperations.<init>(ExcelOperations.java:36)
at com.subbuchinni.Scripts.ResultsClass.<init>(ResultsClass.java:38)
at com.subbuchinni.Scripts.ExcelOperations.<init>(ExcelOperations.java:36)
at com.subbuchinni.Scripts.ResultsClass.<init>(ResultsClass.java:38)
at com.subbuchinni.Scripts.ExcelOperations.<init>(ExcelOperations.java:36)
at com.subbuchinni.Scripts.ResultsClass.<init>(ResultsClass.java:38)
at com.subbuchinni.Scripts.ExcelOperations.<init>(ExcelOperations.java:36)
at com.subbuchinni.Scripts.ResultsClass.<init>(ResultsClass.java:38)
at com.subbuchinni.Scripts.ExcelOperations.<init>(ExcelOperations.java:36)
at com.subbuchinni.Scripts.ResultsClass.<init>(ResultsClass.java:38)
at com.subbuchinni.Scripts.ExcelOperations.<init>(ExcelOperations.java:36)
at com.subbuchinni.Scripts.ResultsClass.<init>(ResultsClass.java:38)
at com.subbuchinni.Scripts.ExcelOperations.<init>(ExcelOperations.java:36)
at com.subbuchinni.Scripts.ResultsClass.<init>(ResultsClass.java:38)
at com.subbuchinni.Scripts.ExcelOperations.<init>(ExcelOperations.java:36)
at com.subbuchinni.Scripts.ResultsClass.<init>(ResultsClass.java:38)
at com.subbuchinni.Scripts.ExcelOperations.<init>(ExcelOperations.java:36)
at com.subbuchinni.Scripts.ResultsClass.<init>(ResultsClass.java:38)
at com.subbuchinni.Scripts.ExcelOperations.<init>(ExcelOperations.java:36)
]]>
    </failure>
  </testcase> <!-- executer -->
</testsuite> <!-- Test(failed)(failed) -->
