<?xml version="1.0" encoding="UTF-8"?>
<!-- Generated by org.testng.reporters.JUnitXMLReporter -->
<testsuite hostname="chinni-PC" ignored="0" name="Test(failed)" tests="1" failures="1" timestamp="28 Mar 2018 03:19:01 GMT" time="0.117" errors="0">
  <testcase name="executer" time="0.031" classname="com.subbuchinni.edu.Practice.Demo.ParallelExecutioner">
    <failure type="java.lang.StackOverflowError">
      <![CDATA[java.lang.StackOverflowError
at com.subbuchinni.Scripts.ExcelOperations.<init>(ExcelOperations.java:33)
at com.subbuchinni.Scripts.ResultsClass.<init>(ResultsClass.java:46)
at com.subbuchinni.Scripts.ExcelOperations.<init>(ExcelOperations.java:36)
at com.subbuchinni.Scripts.ResultsClass.<init>(ResultsClass.java:46)
at com.subbuchinni.Scripts.ExcelOperations.<init>(ExcelOperations.java:36)
at com.subbuchinni.Scripts.ResultsClass.<init>(ResultsClass.java:46)
at com.subbuchinni.Scripts.ExcelOperations.<init>(ExcelOperations.java:36)
at com.subbuchinni.Scripts.ResultsClass.<init>(ResultsClass.java:46)
at com.subbuchinni.Scripts.ExcelOperations.<init>(ExcelOperations.java:36)
at com.subbuchinni.Scripts.ResultsClass.<init>(ResultsClass.java:46)
at com.subbuchinni.Scripts.ExcelOperations.<init>(ExcelOperations.java:36)
at com.subbuchinni.Scripts.ResultsClass.<init>(ResultsClass.java:46)
at com.subbuchinni.Scripts.ExcelOperations.<init>(ExcelOperations.java:36)
at com.subbuchinni.Scripts.ResultsClass.<init>(ResultsClass.java:46)
at com.subbuchinni.Scripts.ExcelOperations.<init>(ExcelOperations.java:36)
at com.subbuchinni.Scripts.ResultsClass.<init>(ResultsClass.java:46)
at com.subbuchinni.Scripts.ExcelOperations.<init>(ExcelOperations.java:36)
at com.subbuchinni.Scripts.ResultsClass.<init>(ResultsClass.java:46)
at com.subbuchinni.Scripts.ExcelOperations.<init>(ExcelOperations.java:36)
at com.subbuchinni.Scripts.ResultsClass.<init>(ResultsClass.java:46)
at com.subbuchinni.Scripts.ExcelOperations.<init>(ExcelOperations.java:36)
at com.subbuchinni.Scripts.ResultsClass.<init>(ResultsClass.java:46)
at com.subbuchinni.Scripts.ExcelOperations.<init>(ExcelOperations.java:36)
at com.subbuchinni.Scripts.ResultsClass.<init>(ResultsClass.java:46)
at com.subbuchinni.Scripts.ExcelOperations.<init>(ExcelOperations.java:36)
at com.subbuchinni.Scripts.ResultsClass.<init>(ResultsClass.java:46)
at com.subbuchinni.Scripts.ExcelOperations.<init>(ExcelOperations.java:36)
at com.subbuchinni.Scripts.ResultsClass.<init>(ResultsClass.java:46)
at com.subbuchinni.Scripts.ExcelOperations.<init>(ExcelOperations.java:36)
at com.subbuchinni.Scripts.ResultsClass.<init>(ResultsClass.java:46)
at com.subbuchinni.Scripts.ExcelOperations.<init>(ExcelOperations.java:36)
at com.subbuchinni.Scripts.ResultsClass.<init>(ResultsClass.java:46)
at com.subbuchinni.Scripts.ExcelOperations.<init>(ExcelOperations.java:36)
at com.subbuchinni.Scripts.ResultsClass.<init>(ResultsClass.java:46)
at com.subbuchinni.Scripts.ExcelOperations.<init>(ExcelOperations.java:36)
at com.subbuchinni.Scripts.ResultsClass.<init>(ResultsClass.java:46)
at com.subbuchinni.Scripts.ExcelOperations.<init>(ExcelOperations.java:36)
at com.subbuchinni.Scripts.ResultsClass.<init>(ResultsClass.java:46)
at com.subbuchinni.Scripts.ExcelOperations.<init>(ExcelOperations.java:36)
at com.subbuchinni.Scripts.ResultsClass.<init>(ResultsClass.java:46)
at com.subbuchinni.Scripts.ExcelOperations.<init>(ExcelOperations.java:36)
at com.subbuchinni.Scripts.ResultsClass.<init>(ResultsClass.java:46)
at com.subbuchinni.Scripts.ExcelOperations.<init>(ExcelOperations.java:36)
at com.subbuchinni.Scripts.ResultsClass.<init>(ResultsClass.java:46)
at com.subbuchinni.Scripts.ExcelOperations.<init>(ExcelOperations.java:36)
at com.subbuchinni.Scripts.ResultsClass.<init>(ResultsClass.java:46)
at com.subbuchinni.Scripts.ExcelOperations.<init>(ExcelOperations.java:36)
at com.subbuchinni.Scripts.ResultsClass.<init>(ResultsClass.java:46)
at com.subbuchinni.Scripts.ExcelOperations.<init>(ExcelOperations.java:36)
at com.subbuchinni.Scripts.ResultsClass.<init>(ResultsClass.java:46)
at com.subbuchinni.Scripts.ExcelOperations.<init>(ExcelOperations.java:36)
at com.subbuchinni.Scripts.ResultsClass.<init>(ResultsClass.java:46)
at com.subbuchinni.Scripts.ExcelOperations.<init>(ExcelOperations.java:36)
at com.subbuchinni.Scripts.ResultsClass.<init>(ResultsClass.java:46)
at com.subbuchinni.Scripts.ExcelOperations.<init>(ExcelOperations.java:36)
at com.subbuchinni.Scripts.ResultsClass.<init>(ResultsClass.java:46)
at com.subbuchinni.Scripts.ExcelOperations.<init>(ExcelOperations.java:36)
at com.subbuchinni.Scripts.ResultsClass.<init>(ResultsClass.java:46)
at com.subbuchinni.Scripts.ExcelOperations.<init>(ExcelOperations.java:36)
at com.subbuchinni.Scripts.ResultsClass.<init>(ResultsClass.java:46)
at com.subbuchinni.Scripts.ExcelOperations.<init>(ExcelOperations.java:36)
at com.subbuchinni.Scripts.ResultsClass.<init>(ResultsClass.java:46)
at com.subbuchinni.Scripts.ExcelOperations.<init>(ExcelOperations.java:36)
at com.subbuchinni.Scripts.ResultsClass.<init>(ResultsClass.java:46)
at com.subbuchinni.Scripts.ExcelOperations.<init>(ExcelOperations.java:36)
at com.subbuchinni.Scripts.ResultsClass.<init>(ResultsClass.java:46)
at com.subbuchinni.Scripts.ExcelOperations.<init>(ExcelOperations.java:36)
at com.subbuchinni.Scripts.ResultsClass.<init>(ResultsClass.java:46)
at com.subbuchinni.Scripts.ExcelOperations.<init>(ExcelOperations.java:36)
at com.subbuchinni.Scripts.ResultsClass.<init>(ResultsClass.java:46)
at com.subbuchinni.Scripts.ExcelOperations.<init>(ExcelOperations.java:36)
at com.subbuchinni.Scripts.ResultsClass.<init>(ResultsClass.java:46)
at com.subbuchinni.Scripts.ExcelOperations.<init>(ExcelOperations.java:36)
at com.subbuchinni.Scripts.ResultsClass.<init>(ResultsClass.java:46)
at com.subbuchinni.Scripts.ExcelOperations.<init>(ExcelOperations.java:36)
at com.subbuchinni.Scripts.ResultsClass.<init>(ResultsClass.java:46)
at com.subbuchinni.Scripts.ExcelOperations.<init>(ExcelOperations.java:36)
at com.subbuchinni.Scripts.ResultsClass.<init>(ResultsClass.java:46)
at com.subbuchinni.Scripts.ExcelOperations.<init>(ExcelOperations.java:36)
at com.subbuchinni.Scripts.ResultsClass.<init>(ResultsClass.java:46)
at com.subbuchinni.Scripts.ExcelOperations.<init>(ExcelOperations.java:36)
at com.subbuchinni.Scripts.ResultsClass.<init>(ResultsClass.java:46)
at com.subbuchinni.Scripts.ExcelOperations.<init>(ExcelOperations.java:36)
at com.subbuchinni.Scripts.ResultsClass.<init>(ResultsClass.java:46)
at com.subbuchinni.Scripts.ExcelOperations.<init>(ExcelOperations.java:36)
at com.subbuchinni.Scripts.ResultsClass.<init>(ResultsClass.java:46)
at com.subbuchinni.Scripts.ExcelOperations.<init>(ExcelOperations.java:36)
at com.subbuchinni.Scripts.ResultsClass.<init>(ResultsClass.java:46)
at com.subbuchinni.Scripts.ExcelOperations.<init>(ExcelOperations.java:36)
at com.subbuchinni.Scripts.ResultsClass.<init>(ResultsClass.java:46)
at com.subbuchinni.Scripts.ExcelOperations.<init>(ExcelOperations.java:36)
at com.subbuchinni.Scripts.ResultsClass.<init>(ResultsClass.java:46)
at com.subbuchinni.Scripts.ExcelOperations.<init>(ExcelOperations.java:36)
at com.subbuchinni.Scripts.ResultsClass.<init>(ResultsClass.java:46)
at com.subbuchinni.Scripts.ExcelOperations.<init>(ExcelOperations.java:36)
at com.subbuchinni.Scripts.ResultsClass.<init>(ResultsClass.java:46)
at com.subbuchinni.Scripts.ExcelOperations.<init>(ExcelOperations.java:36)
at com.subbuchinni.Scripts.ResultsClass.<init>(ResultsClass.java:46)
at com.subbuchinni.Scripts.ExcelOperations.<init>(ExcelOperations.java:36)
at com.subbuchinni.Scripts.ResultsClass.<init>(ResultsClass.java:46)
at com.subbuchinni.Scripts.ExcelOperations.<init>(ExcelOperations.java:36)
at com.subbuchinni.Scripts.ResultsClass.<init>(ResultsClass.java:46)
at com.subbuchinni.Scripts.ExcelOperations.<init>(ExcelOperations.java:36)
at com.subbuchinni.Scripts.ResultsClass.<init>(ResultsClass.java:46)
at com.subbuchinni.Scripts.ExcelOperations.<init>(ExcelOperations.java:36)
at com.subbuchinni.Scripts.ResultsClass.<init>(ResultsClass.java:46)
at com.subbuchinni.Scripts.ExcelOperations.<init>(ExcelOperations.java:36)
at com.subbuchinni.Scripts.ResultsClass.<init>(ResultsClass.java:46)
at com.subbuchinni.Scripts.ExcelOperations.<init>(ExcelOperations.java:36)
at com.subbuchinni.Scripts.ResultsClass.<init>(ResultsClass.java:46)
at com.subbuchinni.Scripts.ExcelOperations.<init>(ExcelOperations.java:36)
at com.subbuchinni.Scripts.ResultsClass.<init>(ResultsClass.java:46)
at com.subbuchinni.Scripts.ExcelOperations.<init>(ExcelOperations.java:36)
at com.subbuchinni.Scripts.ResultsClass.<init>(ResultsClass.java:46)
at com.subbuchinni.Scripts.ExcelOperations.<init>(ExcelOperations.java:36)
at com.subbuchinni.Scripts.ResultsClass.<init>(ResultsClass.java:46)
at com.subbuchinni.Scripts.ExcelOperations.<init>(ExcelOperations.java:36)
at com.subbuchinni.Scripts.ResultsClass.<init>(ResultsClass.java:46)
at com.subbuchinni.Scripts.ExcelOperations.<init>(ExcelOperations.java:36)
at com.subbuchinni.Scripts.ResultsClass.<init>(ResultsClass.java:46)
at com.subbuchinni.Scripts.ExcelOperations.<init>(ExcelOperations.java:36)
at com.subbuchinni.Scripts.ResultsClass.<init>(ResultsClass.java:46)
at com.subbuchinni.Scripts.ExcelOperations.<init>(ExcelOperations.java:36)
at com.subbuchinni.Scripts.ResultsClass.<init>(ResultsClass.java:46)
at com.subbuchinni.Scripts.ExcelOperations.<init>(ExcelOperations.java:36)
at com.subbuchinni.Scripts.ResultsClass.<init>(ResultsClass.java:46)
at com.subbuchinni.Scripts.ExcelOperations.<init>(ExcelOperations.java:36)
at com.subbuchinni.Scripts.ResultsClass.<init>(ResultsClass.java:46)
at com.subbuchinni.Scripts.ExcelOperations.<init>(ExcelOperations.java:36)
at com.subbuchinni.Scripts.ResultsClass.<init>(ResultsClass.java:46)
at com.subbuchinni.Scripts.ExcelOperations.<init>(ExcelOperations.java:36)
at com.subbuchinni.Scripts.ResultsClass.<init>(ResultsClass.java:46)
at com.subbuchinni.Scripts.ExcelOperations.<init>(ExcelOperations.java:36)
at com.subbuchinni.Scripts.ResultsClass.<init>(ResultsClass.java:46)
at com.subbuchinni.Scripts.ExcelOperations.<init>(ExcelOperations.java:36)
at com.subbuchinni.Scripts.ResultsClass.<init>(ResultsClass.java:46)
at com.subbuchinni.Scripts.ExcelOperations.<init>(ExcelOperations.java:36)
at com.subbuchinni.Scripts.ResultsClass.<init>(ResultsClass.java:46)
at com.subbuchinni.Scripts.ExcelOperations.<init>(ExcelOperations.java:36)
at com.subbuchinni.Scripts.ResultsClass.<init>(ResultsClass.java:46)
at com.subbuchinni.Scripts.ExcelOperations.<init>(ExcelOperations.java:36)
at com.subbuchinni.Scripts.ResultsClass.<init>(ResultsClass.java:46)
at com.subbuchinni.Scripts.ExcelOperations.<init>(ExcelOperations.java:36)
at com.subbuchinni.Scripts.ResultsClass.<init>(ResultsClass.java:46)
at com.subbuchinni.Scripts.ExcelOperations.<init>(ExcelOperations.java:36)
at com.subbuchinni.Scripts.ResultsClass.<init>(ResultsClass.java:46)
at com.subbuchinni.Scripts.ExcelOperations.<init>(ExcelOperations.java:36)
at com.subbuchinni.Scripts.ResultsClass.<init>(ResultsClass.java:46)
at com.subbuchinni.Scripts.ExcelOperations.<init>(ExcelOperations.java:36)
at com.subbuchinni.Scripts.ResultsClass.<init>(ResultsClass.java:46)
at com.subbuchinni.Scripts.ExcelOperations.<init>(ExcelOperations.java:36)
at com.subbuchinni.Scripts.ResultsClass.<init>(ResultsClass.java:46)
at com.subbuchinni.Scripts.ExcelOperations.<init>(ExcelOperations.java:36)
at com.subbuchinni.Scripts.ResultsClass.<init>(ResultsClass.java:46)
at com.subbuchinni.Scripts.ExcelOperations.<init>(ExcelOperations.java:36)
at com.subbuchinni.Scripts.ResultsClass.<init>(ResultsClass.java:46)
at com.subbuchinni.Scripts.ExcelOperations.<init>(ExcelOperations.java:36)
at com.subbuchinni.Scripts.ResultsClass.<init>(ResultsClass.java:46)
at com.subbuchinni.Scripts.ExcelOperations.<init>(ExcelOperations.java:36)
at com.subbuchinni.Scripts.ResultsClass.<init>(ResultsClass.java:46)
at com.subbuchinni.Scripts.ExcelOperations.<init>(ExcelOperations.java:36)
at com.subbuchinni.Scripts.ResultsClass.<init>(ResultsClass.java:46)
at com.subbuchinni.Scripts.ExcelOperations.<init>(ExcelOperations.java:36)
at com.subbuchinni.Scripts.ResultsClass.<init>(ResultsClass.java:46)
at com.subbuchinni.Scripts.ExcelOperations.<init>(ExcelOperations.java:36)
at com.subbuchinni.Scripts.ResultsClass.<init>(ResultsClass.java:46)
at com.subbuchinni.Scripts.ExcelOperations.<init>(ExcelOperations.java:36)
at com.subbuchinni.Scripts.ResultsClass.<init>(ResultsClass.java:46)
at com.subbuchinni.Scripts.ExcelOperations.<init>(ExcelOperations.java:36)
at com.subbuchinni.Scripts.ResultsClass.<init>(ResultsClass.java:46)
at com.subbuchinni.Scripts.ExcelOperations.<init>(ExcelOperations.java:36)
at com.subbuchinni.Scripts.ResultsClass.<init>(ResultsClass.java:46)
at com.subbuchinni.Scripts.ExcelOperations.<init>(ExcelOperations.java:36)
at com.subbuchinni.Scripts.ResultsClass.<init>(ResultsClass.java:46)
at com.subbuchinni.Scripts.ExcelOperations.<init>(ExcelOperations.java:36)
at com.subbuchinni.Scripts.ResultsClass.<init>(ResultsClass.java:46)
at com.subbuchinni.Scripts.ExcelOperations.<init>(ExcelOperations.java:36)
at com.subbuchinni.Scripts.ResultsClass.<init>(ResultsClass.java:46)
at com.subbuchinni.Scripts.ExcelOperations.<init>(ExcelOperations.java:36)
at com.subbuchinni.Scripts.ResultsClass.<init>(ResultsClass.java:46)
at com.subbuchinni.Scripts.ExcelOperations.<init>(ExcelOperations.java:36)
at com.subbuchinni.Scripts.ResultsClass.<init>(ResultsClass.java:46)
at com.subbuchinni.Scripts.ExcelOperations.<init>(ExcelOperations.java:36)
at com.subbuchinni.Scripts.ResultsClass.<init>(ResultsClass.java:46)
at com.subbuchinni.Scripts.ExcelOperations.<init>(ExcelOperations.java:36)
at com.subbuchinni.Scripts.ResultsClass.<init>(ResultsClass.java:46)
at com.subbuchinni.Scripts.ExcelOperations.<init>(ExcelOperations.java:36)
at com.subbuchinni.Scripts.ResultsClass.<init>(ResultsClass.java:46)
at com.subbuchinni.Scripts.ExcelOperations.<init>(ExcelOperations.java:36)
at com.subbuchinni.Scripts.ResultsClass.<init>(ResultsClass.java:46)
at com.subbuchinni.Scripts.ExcelOperations.<init>(ExcelOperations.java:36)
at com.subbuchinni.Scripts.ResultsClass.<init>(ResultsClass.java:46)
at com.subbuchinni.Scripts.ExcelOperations.<init>(ExcelOperations.java:36)
at com.subbuchinni.Scripts.ResultsClass.<init>(ResultsClass.java:46)
at com.subbuchinni.Scripts.ExcelOperations.<init>(ExcelOperations.java:36)
at com.subbuchinni.Scripts.ResultsClass.<init>(ResultsClass.java:46)
at com.subbuchinni.Scripts.ExcelOperations.<init>(ExcelOperations.java:36)
at com.subbuchinni.Scripts.ResultsClass.<init>(ResultsClass.java:46)
at com.subbuchinni.Scripts.ExcelOperations.<init>(ExcelOperations.java:36)
at com.subbuchinni.Scripts.ResultsClass.<init>(ResultsClass.java:46)
at com.subbuchinni.Scripts.ExcelOperations.<init>(ExcelOperations.java:36)
at com.subbuchinni.Scripts.ResultsClass.<init>(ResultsClass.java:46)
at com.subbuchinni.Scripts.ExcelOperations.<init>(ExcelOperations.java:36)
at com.subbuchinni.Scripts.ResultsClass.<init>(ResultsClass.java:46)
at com.subbuchinni.Scripts.ExcelOperations.<init>(ExcelOperations.java:36)
at com.subbuchinni.Scripts.ResultsClass.<init>(ResultsClass.java:46)
at com.subbuchinni.Scripts.ExcelOperations.<init>(ExcelOperations.java:36)
at com.subbuchinni.Scripts.ResultsClass.<init>(ResultsClass.java:46)
at com.subbuchinni.Scripts.ExcelOperations.<init>(ExcelOperations.java:36)
at com.subbuchinni.Scripts.ResultsClass.<init>(ResultsClass.java:46)
at com.subbuchinni.Scripts.ExcelOperations.<init>(ExcelOperations.java:36)
at com.subbuchinni.Scripts.ResultsClass.<init>(ResultsClass.java:46)
at com.subbuchinni.Scripts.ExcelOperations.<init>(ExcelOperations.java:36)
at com.subbuchinni.Scripts.ResultsClass.<init>(ResultsClass.java:46)
at com.subbuchinni.Scripts.ExcelOperations.<init>(ExcelOperations.java:36)
at com.subbuchinni.Scripts.ResultsClass.<init>(ResultsClass.java:46)
at com.subbuchinni.Scripts.ExcelOperations.<init>(ExcelOperations.java:36)
at com.subbuchinni.Scripts.ResultsClass.<init>(ResultsClass.java:46)
at com.subbuchinni.Scripts.ExcelOperations.<init>(ExcelOperations.java:36)
at com.subbuchinni.Scripts.ResultsClass.<init>(ResultsClass.java:46)
at com.subbuchinni.Scripts.ExcelOperations.<init>(ExcelOperations.java:36)
at com.subbuchinni.Scripts.ResultsClass.<init>(ResultsClass.java:46)
at com.subbuchinni.Scripts.ExcelOperations.<init>(ExcelOperations.java:36)
at com.subbuchinni.Scripts.ResultsClass.<init>(ResultsClass.java:46)
at com.subbuchinni.Scripts.ExcelOperations.<init>(ExcelOperations.java:36)
at com.subbuchinni.Scripts.ResultsClass.<init>(ResultsClass.java:46)
at com.subbuchinni.Scripts.ExcelOperations.<init>(ExcelOperations.java:36)
at com.subbuchinni.Scripts.ResultsClass.<init>(ResultsClass.java:46)
at com.subbuchinni.Scripts.ExcelOperations.<init>(ExcelOperations.java:36)
at com.subbuchinni.Scripts.ResultsClass.<init>(ResultsClass.java:46)
at com.subbuchinni.Scripts.ExcelOperations.<init>(ExcelOperations.java:36)
at com.subbuchinni.Scripts.ResultsClass.<init>(ResultsClass.java:46)
at com.subbuchinni.Scripts.ExcelOperations.<init>(ExcelOperations.java:36)
at com.subbuchinni.Scripts.ResultsClass.<init>(ResultsClass.java:46)
at com.subbuchinni.Scripts.ExcelOperations.<init>(ExcelOperations.java:36)
at com.subbuchinni.Scripts.ResultsClass.<init>(ResultsClass.java:46)
at com.subbuchinni.Scripts.ExcelOperations.<init>(ExcelOperations.java:36)
at com.subbuchinni.Scripts.ResultsClass.<init>(ResultsClass.java:46)
at com.subbuchinni.Scripts.ExcelOperations.<init>(ExcelOperations.java:36)
at com.subbuchinni.Scripts.ResultsClass.<init>(ResultsClass.java:46)
at com.subbuchinni.Scripts.ExcelOperations.<init>(ExcelOperations.java:36)
at com.subbuchinni.Scripts.ResultsClass.<init>(ResultsClass.java:46)
at com.subbuchinni.Scripts.ExcelOperations.<init>(ExcelOperations.java:36)
at com.subbuchinni.Scripts.ResultsClass.<init>(ResultsClass.java:46)
at com.subbuchinni.Scripts.ExcelOperations.<init>(ExcelOperations.java:36)
at com.subbuchinni.Scripts.ResultsClass.<init>(ResultsClass.java:46)
at com.subbuchinni.Scripts.ExcelOperations.<init>(ExcelOperations.java:36)
at com.subbuchinni.Scripts.ResultsClass.<init>(ResultsClass.java:46)
at com.subbuchinni.Scripts.ExcelOperations.<init>(ExcelOperations.java:36)
at com.subbuchinni.Scripts.ResultsClass.<init>(ResultsClass.java:46)
at com.subbuchinni.Scripts.ExcelOperations.<init>(ExcelOperations.java:36)
at com.subbuchinni.Scripts.ResultsClass.<init>(ResultsClass.java:46)
at com.subbuchinni.Scripts.ExcelOperations.<init>(ExcelOperations.java:36)
at com.subbuchinni.Scripts.ResultsClass.<init>(ResultsClass.java:46)
at com.subbuchinni.Scripts.ExcelOperations.<init>(ExcelOperations.java:36)
at com.subbuchinni.Scripts.ResultsClass.<init>(ResultsClass.java:46)
at com.subbuchinni.Scripts.ExcelOperations.<init>(ExcelOperations.java:36)
at com.subbuchinni.Scripts.ResultsClass.<init>(ResultsClass.java:46)
at com.subbuchinni.Scripts.ExcelOperations.<init>(ExcelOperations.java:36)
at com.subbuchinni.Scripts.ResultsClass.<init>(ResultsClass.java:46)
at com.subbuchinni.Scripts.ExcelOperations.<init>(ExcelOperations.java:36)
at com.subbuchinni.Scripts.ResultsClass.<init>(ResultsClass.java:46)
at com.subbuchinni.Scripts.ExcelOperations.<init>(ExcelOperations.java:36)
at com.subbuchinni.Scripts.ResultsClass.<init>(ResultsClass.java:46)
at com.subbuchinni.Scripts.ExcelOperations.<init>(ExcelOperations.java:36)
at com.subbuchinni.Scripts.ResultsClass.<init>(ResultsClass.java:46)
at com.subbuchinni.Scripts.ExcelOperations.<init>(ExcelOperations.java:36)
at com.subbuchinni.Scripts.ResultsClass.<init>(ResultsClass.java:46)
at com.subbuchinni.Scripts.ExcelOperations.<init>(ExcelOperations.java:36)
at com.subbuchinni.Scripts.ResultsClass.<init>(ResultsClass.java:46)
at com.subbuchinni.Scripts.ExcelOperations.<init>(ExcelOperations.java:36)
at com.subbuchinni.Scripts.ResultsClass.<init>(ResultsClass.java:46)
at com.subbuchinni.Scripts.ExcelOperations.<init>(ExcelOperations.java:36)
at com.subbuchinni.Scripts.ResultsClass.<init>(ResultsClass.java:46)
at com.subbuchinni.Scripts.ExcelOperations.<init>(ExcelOperations.java:36)
at com.subbuchinni.Scripts.ResultsClass.<init>(ResultsClass.java:46)
at com.subbuchinni.Scripts.ExcelOperations.<init>(ExcelOperations.java:36)
at com.subbuchinni.Scripts.ResultsClass.<init>(ResultsClass.java:46)
at com.subbuchinni.Scripts.ExcelOperations.<init>(ExcelOperations.java:36)
at com.subbuchinni.Scripts.ResultsClass.<init>(ResultsClass.java:46)
at com.subbuchinni.Scripts.ExcelOperations.<init>(ExcelOperations.java:36)
at com.subbuchinni.Scripts.ResultsClass.<init>(ResultsClass.java:46)
at com.subbuchinni.Scripts.ExcelOperations.<init>(ExcelOperations.java:36)
at com.subbuchinni.Scripts.ResultsClass.<init>(ResultsClass.java:46)
at com.subbuchinni.Scripts.ExcelOperations.<init>(ExcelOperations.java:36)
at com.subbuchinni.Scripts.ResultsClass.<init>(ResultsClass.java:46)
at com.subbuchinni.Scripts.ExcelOperations.<init>(ExcelOperations.java:36)
at com.subbuchinni.Scripts.ResultsClass.<init>(ResultsClass.java:46)
at com.subbuchinni.Scripts.ExcelOperations.<init>(ExcelOperations.java:36)
at com.subbuchinni.Scripts.ResultsClass.<init>(ResultsClass.java:46)
at com.subbuchinni.Scripts.ExcelOperations.<init>(ExcelOperations.java:36)
at com.subbuchinni.Scripts.ResultsClass.<init>(ResultsClass.java:46)
at com.subbuchinni.Scripts.ExcelOperations.<init>(ExcelOperations.java:36)
at com.subbuchinni.Scripts.ResultsClass.<init>(ResultsClass.java:46)
at com.subbuchinni.Scripts.ExcelOperations.<init>(ExcelOperations.java:36)
at com.subbuchinni.Scripts.ResultsClass.<init>(ResultsClass.java:46)
at com.subbuchinni.Scripts.ExcelOperations.<init>(ExcelOperations.java:36)
at com.subbuchinni.Scripts.ResultsClass.<init>(ResultsClass.java:46)
at com.subbuchinni.Scripts.ExcelOperations.<init>(ExcelOperations.java:36)
at com.subbuchinni.Scripts.ResultsClass.<init>(ResultsClass.java:46)
at com.subbuchinni.Scripts.ExcelOperations.<init>(ExcelOperations.java:36)
at com.subbuchinni.Scripts.ResultsClass.<init>(ResultsClass.java:46)
at com.subbuchinni.Scripts.ExcelOperations.<init>(ExcelOperations.java:36)
at com.subbuchinni.Scripts.ResultsClass.<init>(ResultsClass.java:46)
at com.subbuchinni.Scripts.ExcelOperations.<init>(ExcelOperations.java:36)
at com.subbuchinni.Scripts.ResultsClass.<init>(ResultsClass.java:46)
at com.subbuchinni.Scripts.ExcelOperations.<init>(ExcelOperations.java:36)
at com.subbuchinni.Scripts.ResultsClass.<init>(ResultsClass.java:46)
at com.subbuchinni.Scripts.ExcelOperations.<init>(ExcelOperations.java:36)
at com.subbuchinni.Scripts.ResultsClass.<init>(ResultsClass.java:46)
at com.subbuchinni.Scripts.ExcelOperations.<init>(ExcelOperations.java:36)
at com.subbuchinni.Scripts.ResultsClass.<init>(ResultsClass.java:46)
at com.subbuchinni.Scripts.ExcelOperations.<init>(ExcelOperations.java:36)
at com.subbuchinni.Scripts.ResultsClass.<init>(ResultsClass.java:46)
at com.subbuchinni.Scripts.ExcelOperations.<init>(ExcelOperations.java:36)
at com.subbuchinni.Scripts.ResultsClass.<init>(ResultsClass.java:46)
at com.subbuchinni.Scripts.ExcelOperations.<init>(ExcelOperations.java:36)
at com.subbuchinni.Scripts.ResultsClass.<init>(ResultsClass.java:46)
at com.subbuchinni.Scripts.ExcelOperations.<init>(ExcelOperations.java:36)
at com.subbuchinni.Scripts.ResultsClass.<init>(ResultsClass.java:46)
at com.subbuchinni.Scripts.ExcelOperations.<init>(ExcelOperations.java:36)
at com.subbuchinni.Scripts.ResultsClass.<init>(ResultsClass.java:46)
at com.subbuchinni.Scripts.ExcelOperations.<init>(ExcelOperations.java:36)
at com.subbuchinni.Scripts.ResultsClass.<init>(ResultsClass.java:46)
at com.subbuchinni.Scripts.ExcelOperations.<init>(ExcelOperations.java:36)
at com.subbuchinni.Scripts.ResultsClass.<init>(ResultsClass.java:46)
at com.subbuchinni.Scripts.ExcelOperations.<init>(ExcelOperations.java:36)
at com.subbuchinni.Scripts.ResultsClass.<init>(ResultsClass.java:46)
at com.subbuchinni.Scripts.ExcelOperations.<init>(ExcelOperations.java:36)
at com.subbuchinni.Scripts.ResultsClass.<init>(ResultsClass.java:46)
at com.subbuchinni.Scripts.ExcelOperations.<init>(ExcelOperations.java:36)
at com.subbuchinni.Scripts.ResultsClass.<init>(ResultsClass.java:46)
at com.subbuchinni.Scripts.ExcelOperations.<init>(ExcelOperations.java:36)
at com.subbuchinni.Scripts.ResultsClass.<init>(ResultsClass.java:46)
at com.subbuchinni.Scripts.ExcelOperations.<init>(ExcelOperations.java:36)
at com.subbuchinni.Scripts.ResultsClass.<init>(ResultsClass.java:46)
at com.subbuchinni.Scripts.ExcelOperations.<init>(ExcelOperations.java:36)
at com.subbuchinni.Scripts.ResultsClass.<init>(ResultsClass.java:46)
at com.subbuchinni.Scripts.ExcelOperations.<init>(ExcelOperations.java:36)
at com.subbuchinni.Scripts.ResultsClass.<init>(ResultsClass.java:46)
at com.subbuchinni.Scripts.ExcelOperations.<init>(ExcelOperations.java:36)
at com.subbuchinni.Scripts.ResultsClass.<init>(ResultsClass.java:46)
at com.subbuchinni.Scripts.ExcelOperations.<init>(ExcelOperations.java:36)
at com.subbuchinni.Scripts.ResultsClass.<init>(ResultsClass.java:46)
at com.subbuchinni.Scripts.ExcelOperations.<init>(ExcelOperations.java:36)
at com.subbuchinni.Scripts.ResultsClass.<init>(ResultsClass.java:46)
at com.subbuchinni.Scripts.ExcelOperations.<init>(ExcelOperations.java:36)
at com.subbuchinni.Scripts.ResultsClass.<init>(ResultsClass.java:46)
at com.subbuchinni.Scripts.ExcelOperations.<init>(ExcelOperations.java:36)
at com.subbuchinni.Scripts.ResultsClass.<init>(ResultsClass.java:46)
at com.subbuchinni.Scripts.ExcelOperations.<init>(ExcelOperations.java:36)
at com.subbuchinni.Scripts.ResultsClass.<init>(ResultsClass.java:46)
at com.subbuchinni.Scripts.ExcelOperations.<init>(ExcelOperations.java:36)
at com.subbuchinni.Scripts.ResultsClass.<init>(ResultsClass.java:46)
at com.subbuchinni.Scripts.ExcelOperations.<init>(ExcelOperations.java:36)
at com.subbuchinni.Scripts.ResultsClass.<init>(ResultsClass.java:46)
at com.subbuchinni.Scripts.ExcelOperations.<init>(ExcelOperations.java:36)
at com.subbuchinni.Scripts.ResultsClass.<init>(ResultsClass.java:46)
at com.subbuchinni.Scripts.ExcelOperations.<init>(ExcelOperations.java:36)
at com.subbuchinni.Scripts.ResultsClass.<init>(ResultsClass.java:46)
at com.subbuchinni.Scripts.ExcelOperations.<init>(ExcelOperations.java:36)
at com.subbuchinni.Scripts.ResultsClass.<init>(ResultsClass.java:46)
at com.subbuchinni.Scripts.ExcelOperations.<init>(ExcelOperations.java:36)
at com.subbuchinni.Scripts.ResultsClass.<init>(ResultsClass.java:46)
at com.subbuchinni.Scripts.ExcelOperations.<init>(ExcelOperations.java:36)
at com.subbuchinni.Scripts.ResultsClass.<init>(ResultsClass.java:46)
at com.subbuchinni.Scripts.ExcelOperations.<init>(ExcelOperations.java:36)
at com.subbuchinni.Scripts.ResultsClass.<init>(ResultsClass.java:46)
at com.subbuchinni.Scripts.ExcelOperations.<init>(ExcelOperations.java:36)
at com.subbuchinni.Scripts.ResultsClass.<init>(ResultsClass.java:46)
at com.subbuchinni.Scripts.ExcelOperations.<init>(ExcelOperations.java:36)
at com.subbuchinni.Scripts.ResultsClass.<init>(ResultsClass.java:46)
at com.subbuchinni.Scripts.ExcelOperations.<init>(ExcelOperations.java:36)
at com.subbuchinni.Scripts.ResultsClass.<init>(ResultsClass.java:46)
at com.subbuchinni.Scripts.ExcelOperations.<init>(ExcelOperations.java:36)
at com.subbuchinni.Scripts.ResultsClass.<init>(ResultsClass.java:46)
at com.subbuchinni.Scripts.ExcelOperations.<init>(ExcelOperations.java:36)
at com.subbuchinni.Scripts.ResultsClass.<init>(ResultsClass.java:46)
at com.subbuchinni.Scripts.ExcelOperations.<init>(ExcelOperations.java:36)
at com.subbuchinni.Scripts.ResultsClass.<init>(ResultsClass.java:46)
at com.subbuchinni.Scripts.ExcelOperations.<init>(ExcelOperations.java:36)
at com.subbuchinni.Scripts.ResultsClass.<init>(ResultsClass.java:46)
at com.subbuchinni.Scripts.ExcelOperations.<init>(ExcelOperations.java:36)
at com.subbuchinni.Scripts.ResultsClass.<init>(ResultsClass.java:46)
at com.subbuchinni.Scripts.ExcelOperations.<init>(ExcelOperations.java:36)
at com.subbuchinni.Scripts.ResultsClass.<init>(ResultsClass.java:46)
at com.subbuchinni.Scripts.ExcelOperations.<init>(ExcelOperations.java:36)
at com.subbuchinni.Scripts.ResultsClass.<init>(ResultsClass.java:46)
at com.subbuchinni.Scripts.ExcelOperations.<init>(ExcelOperations.java:36)
at com.subbuchinni.Scripts.ResultsClass.<init>(ResultsClass.java:46)
at com.subbuchinni.Scripts.ExcelOperations.<init>(ExcelOperations.java:36)
at com.subbuchinni.Scripts.ResultsClass.<init>(ResultsClass.java:46)
at com.subbuchinni.Scripts.ExcelOperations.<init>(ExcelOperations.java:36)
at com.subbuchinni.Scripts.ResultsClass.<init>(ResultsClass.java:46)
at com.subbuchinni.Scripts.ExcelOperations.<init>(ExcelOperations.java:36)
at com.subbuchinni.Scripts.ResultsClass.<init>(ResultsClass.java:46)
at com.subbuchinni.Scripts.ExcelOperations.<init>(ExcelOperations.java:36)
at com.subbuchinni.Scripts.ResultsClass.<init>(ResultsClass.java:46)
at com.subbuchinni.Scripts.ExcelOperations.<init>(ExcelOperations.java:36)
at com.subbuchinni.Scripts.ResultsClass.<init>(ResultsClass.java:46)
at com.subbuchinni.Scripts.ExcelOperations.<init>(ExcelOperations.java:36)
at com.subbuchinni.Scripts.ResultsClass.<init>(ResultsClass.java:46)
at com.subbuchinni.Scripts.ExcelOperations.<init>(ExcelOperations.java:36)
at com.subbuchinni.Scripts.ResultsClass.<init>(ResultsClass.java:46)
at com.subbuchinni.Scripts.ExcelOperations.<init>(ExcelOperations.java:36)
at com.subbuchinni.Scripts.ResultsClass.<init>(ResultsClass.java:46)
at com.subbuchinni.Scripts.ExcelOperations.<init>(ExcelOperations.java:36)
at com.subbuchinni.Scripts.ResultsClass.<init>(ResultsClass.java:46)
at com.subbuchinni.Scripts.ExcelOperations.<init>(ExcelOperations.java:36)
at com.subbuchinni.Scripts.ResultsClass.<init>(ResultsClass.java:46)
at com.subbuchinni.Scripts.ExcelOperations.<init>(ExcelOperations.java:36)
at com.subbuchinni.Scripts.ResultsClass.<init>(ResultsClass.java:46)
at com.subbuchinni.Scripts.ExcelOperations.<init>(ExcelOperations.java:36)
at com.subbuchinni.Scripts.ResultsClass.<init>(ResultsClass.java:46)
at com.subbuchinni.Scripts.ExcelOperations.<init>(ExcelOperations.java:36)
at com.subbuchinni.Scripts.ResultsClass.<init>(ResultsClass.java:46)
at com.subbuchinni.Scripts.ExcelOperations.<init>(ExcelOperations.java:36)
at com.subbuchinni.Scripts.ResultsClass.<init>(ResultsClass.java:46)
at com.subbuchinni.Scripts.ExcelOperations.<init>(ExcelOperations.java:36)
at com.subbuchinni.Scripts.ResultsClass.<init>(ResultsClass.java:46)
at com.subbuchinni.Scripts.ExcelOperations.<init>(ExcelOperations.java:36)
at com.subbuchinni.Scripts.ResultsClass.<init>(ResultsClass.java:46)
at com.subbuchinni.Scripts.ExcelOperations.<init>(ExcelOperations.java:36)
at com.subbuchinni.Scripts.ResultsClass.<init>(ResultsClass.java:46)
at com.subbuchinni.Scripts.ExcelOperations.<init>(ExcelOperations.java:36)
at com.subbuchinni.Scripts.ResultsClass.<init>(ResultsClass.java:46)
at com.subbuchinni.Scripts.ExcelOperations.<init>(ExcelOperations.java:36)
at com.subbuchinni.Scripts.ResultsClass.<init>(ResultsClass.java:46)
at com.subbuchinni.Scripts.ExcelOperations.<init>(ExcelOperations.java:36)
at com.subbuchinni.Scripts.ResultsClass.<init>(ResultsClass.java:46)
at com.subbuchinni.Scripts.ExcelOperations.<init>(ExcelOperations.java:36)
at com.subbuchinni.Scripts.ResultsClass.<init>(ResultsClass.java:46)
at com.subbuchinni.Scripts.ExcelOperations.<init>(ExcelOperations.java:36)
at com.subbuchinni.Scripts.ResultsClass.<init>(ResultsClass.java:46)
at com.subbuchinni.Scripts.ExcelOperations.<init>(ExcelOperations.java:36)
at com.subbuchinni.Scripts.ResultsClass.<init>(ResultsClass.java:46)
at com.subbuchinni.Scripts.ExcelOperations.<init>(ExcelOperations.java:36)
at com.subbuchinni.Scripts.ResultsClass.<init>(ResultsClass.java:46)
at com.subbuchinni.Scripts.ExcelOperations.<init>(ExcelOperations.java:36)
at com.subbuchinni.Scripts.ResultsClass.<init>(ResultsClass.java:46)
at com.subbuchinni.Scripts.ExcelOperations.<init>(ExcelOperations.java:36)
at com.subbuchinni.Scripts.ResultsClass.<init>(ResultsClass.java:46)
at com.subbuchinni.Scripts.ExcelOperations.<init>(ExcelOperations.java:36)
at com.subbuchinni.Scripts.ResultsClass.<init>(ResultsClass.java:46)
at com.subbuchinni.Scripts.ExcelOperations.<init>(ExcelOperations.java:36)
at com.subbuchinni.Scripts.ResultsClass.<init>(ResultsClass.java:46)
at com.subbuchinni.Scripts.ExcelOperations.<init>(ExcelOperations.java:36)
at com.subbuchinni.Scripts.ResultsClass.<init>(ResultsClass.java:46)
at com.subbuchinni.Scripts.ExcelOperations.<init>(ExcelOperations.java:36)
at com.subbuchinni.Scripts.ResultsClass.<init>(ResultsClass.java:46)
at com.subbuchinni.Scripts.ExcelOperations.<init>(ExcelOperations.java:36)
at com.subbuchinni.Scripts.ResultsClass.<init>(ResultsClass.java:46)
at com.subbuchinni.Scripts.ExcelOperations.<init>(ExcelOperations.java:36)
at com.subbuchinni.Scripts.ResultsClass.<init>(ResultsClass.java:46)
at com.subbuchinni.Scripts.ExcelOperations.<init>(ExcelOperations.java:36)
at com.subbuchinni.Scripts.ResultsClass.<init>(ResultsClass.java:46)
at com.subbuchinni.Scripts.ExcelOperations.<init>(ExcelOperations.java:36)
at com.subbuchinni.Scripts.ResultsClass.<init>(ResultsClass.java:46)
at com.subbuchinni.Scripts.ExcelOperations.<init>(ExcelOperations.java:36)
at com.subbuchinni.Scripts.ResultsClass.<init>(ResultsClass.java:46)
at com.subbuchinni.Scripts.ExcelOperations.<init>(ExcelOperations.java:36)
at com.subbuchinni.Scripts.ResultsClass.<init>(ResultsClass.java:46)
at com.subbuchinni.Scripts.ExcelOperations.<init>(ExcelOperations.java:36)
at com.subbuchinni.Scripts.ResultsClass.<init>(ResultsClass.java:46)
at com.subbuchinni.Scripts.ExcelOperations.<init>(ExcelOperations.java:36)
at com.subbuchinni.Scripts.ResultsClass.<init>(ResultsClass.java:46)
at com.subbuchinni.Scripts.ExcelOperations.<init>(ExcelOperations.java:36)
at com.subbuchinni.Scripts.ResultsClass.<init>(ResultsClass.java:46)
at com.subbuchinni.Scripts.ExcelOperations.<init>(ExcelOperations.java:36)
at com.subbuchinni.Scripts.ResultsClass.<init>(ResultsClass.java:46)
at com.subbuchinni.Scripts.ExcelOperations.<init>(ExcelOperations.java:36)
at com.subbuchinni.Scripts.ResultsClass.<init>(ResultsClass.java:46)
at com.subbuchinni.Scripts.ExcelOperations.<init>(ExcelOperations.java:36)
at com.subbuchinni.Scripts.ResultsClass.<init>(ResultsClass.java:46)
at com.subbuchinni.Scripts.ExcelOperations.<init>(ExcelOperations.java:36)
at com.subbuchinni.Scripts.ResultsClass.<init>(ResultsClass.java:46)
at com.subbuchinni.Scripts.ExcelOperations.<init>(ExcelOperations.java:36)
at com.subbuchinni.Scripts.ResultsClass.<init>(ResultsClass.java:46)
at com.subbuchinni.Scripts.ExcelOperations.<init>(ExcelOperations.java:36)
at com.subbuchinni.Scripts.ResultsClass.<init>(ResultsClass.java:46)
at com.subbuchinni.Scripts.ExcelOperations.<init>(ExcelOperations.java:36)
at com.subbuchinni.Scripts.ResultsClass.<init>(ResultsClass.java:46)
at com.subbuchinni.Scripts.ExcelOperations.<init>(ExcelOperations.java:36)
at com.subbuchinni.Scripts.ResultsClass.<init>(ResultsClass.java:46)
at com.subbuchinni.Scripts.ExcelOperations.<init>(ExcelOperations.java:36)
at com.subbuchinni.Scripts.ResultsClass.<init>(ResultsClass.java:46)
at com.subbuchinni.Scripts.ExcelOperations.<init>(ExcelOperations.java:36)
at com.subbuchinni.Scripts.ResultsClass.<init>(ResultsClass.java:46)
at com.subbuchinni.Scripts.ExcelOperations.<init>(ExcelOperations.java:36)
at com.subbuchinni.Scripts.ResultsClass.<init>(ResultsClass.java:46)
at com.subbuchinni.Scripts.ExcelOperations.<init>(ExcelOperations.java:36)
at com.subbuchinni.Scripts.ResultsClass.<init>(ResultsClass.java:46)
at com.subbuchinni.Scripts.ExcelOperations.<init>(ExcelOperations.java:36)
at com.subbuchinni.Scripts.ResultsClass.<init>(ResultsClass.java:46)
at com.subbuchinni.Scripts.ExcelOperations.<init>(ExcelOperations.java:36)
at com.subbuchinni.Scripts.ResultsClass.<init>(ResultsClass.java:46)
at com.subbuchinni.Scripts.ExcelOperations.<init>(ExcelOperations.java:36)
at com.subbuchinni.Scripts.ResultsClass.<init>(ResultsClass.java:46)
at com.subbuchinni.Scripts.ExcelOperations.<init>(ExcelOperations.java:36)
at com.subbuchinni.Scripts.ResultsClass.<init>(ResultsClass.java:46)
at com.subbuchinni.Scripts.ExcelOperations.<init>(ExcelOperations.java:36)
at com.subbuchinni.Scripts.ResultsClass.<init>(ResultsClass.java:46)
at com.subbuchinni.Scripts.ExcelOperations.<init>(ExcelOperations.java:36)
at com.subbuchinni.Scripts.ResultsClass.<init>(ResultsClass.java:46)
at com.subbuchinni.Scripts.ExcelOperations.<init>(ExcelOperations.java:36)
at com.subbuchinni.Scripts.ResultsClass.<init>(ResultsClass.java:46)
at com.subbuchinni.Scripts.ExcelOperations.<init>(ExcelOperations.java:36)
at com.subbuchinni.Scripts.ResultsClass.<init>(ResultsClass.java:46)
at com.subbuchinni.Scripts.ExcelOperations.<init>(ExcelOperations.java:36)
at com.subbuchinni.Scripts.ResultsClass.<init>(ResultsClass.java:46)
at com.subbuchinni.Scripts.ExcelOperations.<init>(ExcelOperations.java:36)
at com.subbuchinni.Scripts.ResultsClass.<init>(ResultsClass.java:46)
at com.subbuchinni.Scripts.ExcelOperations.<init>(ExcelOperations.java:36)
at com.subbuchinni.Scripts.ResultsClass.<init>(ResultsClass.java:46)
at com.subbuchinni.Scripts.ExcelOperations.<init>(ExcelOperations.java:36)
at com.subbuchinni.Scripts.ResultsClass.<init>(ResultsClass.java:46)
at com.subbuchinni.Scripts.ExcelOperations.<init>(ExcelOperations.java:36)
at com.subbuchinni.Scripts.ResultsClass.<init>(ResultsClass.java:46)
at com.subbuchinni.Scripts.ExcelOperations.<init>(ExcelOperations.java:36)
at com.subbuchinni.Scripts.ResultsClass.<init>(ResultsClass.java:46)
at com.subbuchinni.Scripts.ExcelOperations.<init>(ExcelOperations.java:36)
at com.subbuchinni.Scripts.ResultsClass.<init>(ResultsClass.java:46)
at com.subbuchinni.Scripts.ExcelOperations.<init>(ExcelOperations.java:36)
at com.subbuchinni.Scripts.ResultsClass.<init>(ResultsClass.java:46)
at com.subbuchinni.Scripts.ExcelOperations.<init>(ExcelOperations.java:36)
at com.subbuchinni.Scripts.ResultsClass.<init>(ResultsClass.java:46)
at com.subbuchinni.Scripts.ExcelOperations.<init>(ExcelOperations.java:36)
at com.subbuchinni.Scripts.ResultsClass.<init>(ResultsClass.java:46)
at com.subbuchinni.Scripts.ExcelOperations.<init>(ExcelOperations.java:36)
at com.subbuchinni.Scripts.ResultsClass.<init>(ResultsClass.java:46)
at com.subbuchinni.Scripts.ExcelOperations.<init>(ExcelOperations.java:36)
at com.subbuchinni.Scripts.ResultsClass.<init>(ResultsClass.java:46)
at com.subbuchinni.Scripts.ExcelOperations.<init>(ExcelOperations.java:36)
at com.subbuchinni.Scripts.ResultsClass.<init>(ResultsClass.java:46)
at com.subbuchinni.Scripts.ExcelOperations.<init>(ExcelOperations.java:36)
at com.subbuchinni.Scripts.ResultsClass.<init>(ResultsClass.java:46)
at com.subbuchinni.Scripts.ExcelOperations.<init>(ExcelOperations.java:36)
at com.subbuchinni.Scripts.ResultsClass.<init>(ResultsClass.java:46)
at com.subbuchinni.Scripts.ExcelOperations.<init>(ExcelOperations.java:36)
at com.subbuchinni.Scripts.ResultsClass.<init>(ResultsClass.java:46)
at com.subbuchinni.Scripts.ExcelOperations.<init>(ExcelOperations.java:36)
at com.subbuchinni.Scripts.ResultsClass.<init>(ResultsClass.java:46)
at com.subbuchinni.Scripts.ExcelOperations.<init>(ExcelOperations.java:36)
at com.subbuchinni.Scripts.ResultsClass.<init>(ResultsClass.java:46)
at com.subbuchinni.Scripts.ExcelOperations.<init>(ExcelOperations.java:36)
at com.subbuchinni.Scripts.ResultsClass.<init>(ResultsClass.java:46)
at com.subbuchinni.Scripts.ExcelOperations.<init>(ExcelOperations.java:36)
at com.subbuchinni.Scripts.ResultsClass.<init>(ResultsClass.java:46)
at com.subbuchinni.Scripts.ExcelOperations.<init>(ExcelOperations.java:36)
at com.subbuchinni.Scripts.ResultsClass.<init>(ResultsClass.java:46)
at com.subbuchinni.Scripts.ExcelOperations.<init>(ExcelOperations.java:36)
at com.subbuchinni.Scripts.ResultsClass.<init>(ResultsClass.java:46)
at com.subbuchinni.Scripts.ExcelOperations.<init>(ExcelOperations.java:36)
at com.subbuchinni.Scripts.ResultsClass.<init>(ResultsClass.java:46)
at com.subbuchinni.Scripts.ExcelOperations.<init>(ExcelOperations.java:36)
at com.subbuchinni.Scripts.ResultsClass.<init>(ResultsClass.java:46)
at com.subbuchinni.Scripts.ExcelOperations.<init>(ExcelOperations.java:36)
at com.subbuchinni.Scripts.ResultsClass.<init>(ResultsClass.java:46)
at com.subbuchinni.Scripts.ExcelOperations.<init>(ExcelOperations.java:36)
at com.subbuchinni.Scripts.ResultsClass.<init>(ResultsClass.java:46)
at com.subbuchinni.Scripts.ExcelOperations.<init>(ExcelOperations.java:36)
at com.subbuchinni.Scripts.ResultsClass.<init>(ResultsClass.java:46)
at com.subbuchinni.Scripts.ExcelOperations.<init>(ExcelOperations.java:36)
at com.subbuchinni.Scripts.ResultsClass.<init>(ResultsClass.java:46)
at com.subbuchinni.Scripts.ExcelOperations.<init>(ExcelOperations.java:36)
at com.subbuchinni.Scripts.ResultsClass.<init>(ResultsClass.java:46)
at com.subbuchinni.Scripts.ExcelOperations.<init>(ExcelOperations.java:36)
at com.subbuchinni.Scripts.ResultsClass.<init>(ResultsClass.java:46)
at com.subbuchinni.Scripts.ExcelOperations.<init>(ExcelOperations.java:36)
at com.subbuchinni.Scripts.ResultsClass.<init>(ResultsClass.java:46)
at com.subbuchinni.Scripts.ExcelOperations.<init>(ExcelOperations.java:36)
at com.subbuchinni.Scripts.ResultsClass.<init>(ResultsClass.java:46)
at com.subbuchinni.Scripts.ExcelOperations.<init>(ExcelOperations.java:36)
at com.subbuchinni.Scripts.ResultsClass.<init>(ResultsClass.java:46)
at com.subbuchinni.Scripts.ExcelOperations.<init>(ExcelOperations.java:36)
at com.subbuchinni.Scripts.ResultsClass.<init>(ResultsClass.java:46)
at com.subbuchinni.Scripts.ExcelOperations.<init>(ExcelOperations.java:36)
at com.subbuchinni.Scripts.ResultsClass.<init>(ResultsClass.java:46)
at com.subbuchinni.Scripts.ExcelOperations.<init>(ExcelOperations.java:36)
at com.subbuchinni.Scripts.ResultsClass.<init>(ResultsClass.java:46)
at com.subbuchinni.Scripts.ExcelOperations.<init>(ExcelOperations.java:36)
at com.subbuchinni.Scripts.ResultsClass.<init>(ResultsClass.java:46)
at com.subbuchinni.Scripts.ExcelOperations.<init>(ExcelOperations.java:36)
at com.subbuchinni.Scripts.ResultsClass.<init>(ResultsClass.java:46)
at com.subbuchinni.Scripts.ExcelOperations.<init>(ExcelOperations.java:36)
at com.subbuchinni.Scripts.ResultsClass.<init>(ResultsClass.java:46)
at com.subbuchinni.Scripts.ExcelOperations.<init>(ExcelOperations.java:36)
at com.subbuchinni.Scripts.ResultsClass.<init>(ResultsClass.java:46)
at com.subbuchinni.Scripts.ExcelOperations.<init>(ExcelOperations.java:36)
at com.subbuchinni.Scripts.ResultsClass.<init>(ResultsClass.java:46)
at com.subbuchinni.Scripts.ExcelOperations.<init>(ExcelOperations.java:36)
at com.subbuchinni.Scripts.ResultsClass.<init>(ResultsClass.java:46)
at com.subbuchinni.Scripts.ExcelOperations.<init>(ExcelOperations.java:36)
at com.subbuchinni.Scripts.ResultsClass.<init>(ResultsClass.java:46)
at com.subbuchinni.Scripts.ExcelOperations.<init>(ExcelOperations.java:36)
at com.subbuchinni.Scripts.ResultsClass.<init>(ResultsClass.java:46)
at com.subbuchinni.Scripts.ExcelOperations.<init>(ExcelOperations.java:36)
at com.subbuchinni.Scripts.ResultsClass.<init>(ResultsClass.java:46)
at com.subbuchinni.Scripts.ExcelOperations.<init>(ExcelOperations.java:36)
at com.subbuchinni.Scripts.ResultsClass.<init>(ResultsClass.java:46)
at com.subbuchinni.Scripts.ExcelOperations.<init>(ExcelOperations.java:36)
at com.subbuchinni.Scripts.ResultsClass.<init>(ResultsClass.java:46)
at com.subbuchinni.Scripts.ExcelOperations.<init>(ExcelOperations.java:36)
at com.subbuchinni.Scripts.ResultsClass.<init>(ResultsClass.java:46)
at com.subbuchinni.Scripts.ExcelOperations.<init>(ExcelOperations.java:36)
at com.subbuchinni.Scripts.ResultsClass.<init>(ResultsClass.java:46)
at com.subbuchinni.Scripts.ExcelOperations.<init>(ExcelOperations.java:36)
at com.subbuchinni.Scripts.ResultsClass.<init>(ResultsClass.java:46)
at com.subbuchinni.Scripts.ExcelOperations.<init>(ExcelOperations.java:36)
at com.subbuchinni.Scripts.ResultsClass.<init>(ResultsClass.java:46)
at com.subbuchinni.Scripts.ExcelOperations.<init>(ExcelOperations.java:36)
at com.subbuchinni.Scripts.ResultsClass.<init>(ResultsClass.java:46)
at com.subbuchinni.Scripts.ExcelOperations.<init>(ExcelOperations.java:36)
at com.subbuchinni.Scripts.ResultsClass.<init>(ResultsClass.java:46)
at com.subbuchinni.Scripts.ExcelOperations.<init>(ExcelOperations.java:36)
at com.subbuchinni.Scripts.ResultsClass.<init>(ResultsClass.java:46)
at com.subbuchinni.Scripts.ExcelOperations.<init>(ExcelOperations.java:36)
at com.subbuchinni.Scripts.ResultsClass.<init>(ResultsClass.java:46)
at com.subbuchinni.Scripts.ExcelOperations.<init>(ExcelOperations.java:36)
at com.subbuchinni.Scripts.ResultsClass.<init>(ResultsClass.java:46)
at com.subbuchinni.Scripts.ExcelOperations.<init>(ExcelOperations.java:36)
at com.subbuchinni.Scripts.ResultsClass.<init>(ResultsClass.java:46)
at com.subbuchinni.Scripts.ExcelOperations.<init>(ExcelOperations.java:36)
at com.subbuchinni.Scripts.ResultsClass.<init>(ResultsClass.java:46)
at com.subbuchinni.Scripts.ExcelOperations.<init>(ExcelOperations.java:36)
at com.subbuchinni.Scripts.ResultsClass.<init>(ResultsClass.java:46)
at com.subbuchinni.Scripts.ExcelOperations.<init>(ExcelOperations.java:36)
at com.subbuchinni.Scripts.ResultsClass.<init>(ResultsClass.java:46)
at com.subbuchinni.Scripts.ExcelOperations.<init>(ExcelOperations.java:36)
at com.subbuchinni.Scripts.ResultsClass.<init>(ResultsClass.java:46)
at com.subbuchinni.Scripts.ExcelOperations.<init>(ExcelOperations.java:36)
at com.subbuchinni.Scripts.ResultsClass.<init>(ResultsClass.java:46)
at com.subbuchinni.Scripts.ExcelOperations.<init>(ExcelOperations.java:36)
at com.subbuchinni.Scripts.ResultsClass.<init>(ResultsClass.java:46)
at com.subbuchinni.Scripts.ExcelOperations.<init>(ExcelOperations.java:36)
at com.subbuchinni.Scripts.ResultsClass.<init>(ResultsClass.java:46)
at com.subbuchinni.Scripts.ExcelOperations.<init>(ExcelOperations.java:36)
at com.subbuchinni.Scripts.ResultsClass.<init>(ResultsClass.java:46)
at com.subbuchinni.Scripts.ExcelOperations.<init>(ExcelOperations.java:36)
at com.subbuchinni.Scripts.ResultsClass.<init>(ResultsClass.java:46)
at com.subbuchinni.Scripts.ExcelOperations.<init>(ExcelOperations.java:36)
at com.subbuchinni.Scripts.ResultsClass.<init>(ResultsClass.java:46)
at com.subbuchinni.Scripts.ExcelOperations.<init>(ExcelOperations.java:36)
at com.subbuchinni.Scripts.ResultsClass.<init>(ResultsClass.java:46)
at com.subbuchinni.Scripts.ExcelOperations.<init>(ExcelOperations.java:36)
at com.subbuchinni.Scripts.ResultsClass.<init>(ResultsClass.java:46)
at com.subbuchinni.Scripts.ExcelOperations.<init>(ExcelOperations.java:36)
at com.subbuchinni.Scripts.ResultsClass.<init>(ResultsClass.java:46)
at com.subbuchinni.Scripts.ExcelOperations.<init>(ExcelOperations.java:36)
at com.subbuchinni.Scripts.ResultsClass.<init>(ResultsClass.java:46)
at com.subbuchinni.Scripts.ExcelOperations.<init>(ExcelOperations.java:36)
at com.subbuchinni.Scripts.ResultsClass.<init>(ResultsClass.java:46)
at com.subbuchinni.Scripts.ExcelOperations.<init>(ExcelOperations.java:36)
at com.subbuchinni.Scripts.ResultsClass.<init>(ResultsClass.java:46)
at com.subbuchinni.Scripts.ExcelOperations.<init>(ExcelOperations.java:36)
at com.subbuchinni.Scripts.ResultsClass.<init>(ResultsClass.java:46)
at com.subbuchinni.Scripts.ExcelOperations.<init>(ExcelOperations.java:36)
at com.subbuchinni.Scripts.ResultsClass.<init>(ResultsClass.java:46)
at com.subbuchinni.Scripts.ExcelOperations.<init>(ExcelOperations.java:36)
at com.subbuchinni.Scripts.ResultsClass.<init>(ResultsClass.java:46)
at com.subbuchinni.Scripts.ExcelOperations.<init>(ExcelOperations.java:36)
at com.subbuchinni.Scripts.ResultsClass.<init>(ResultsClass.java:46)
at com.subbuchinni.Scripts.ExcelOperations.<init>(ExcelOperations.java:36)
at com.subbuchinni.Scripts.ResultsClass.<init>(ResultsClass.java:46)
at com.subbuchinni.Scripts.ExcelOperations.<init>(ExcelOperations.java:36)
at com.subbuchinni.Scripts.ResultsClass.<init>(ResultsClass.java:46)
at com.subbuchinni.Scripts.ExcelOperations.<init>(ExcelOperations.java:36)
at com.subbuchinni.Scripts.ResultsClass.<init>(ResultsClass.java:46)
at com.subbuchinni.Scripts.ExcelOperations.<init>(ExcelOperations.java:36)
at com.subbuchinni.Scripts.ResultsClass.<init>(ResultsClass.java:46)
at com.subbuchinni.Scripts.ExcelOperations.<init>(ExcelOperations.java:36)
at com.subbuchinni.Scripts.ResultsClass.<init>(ResultsClass.java:46)
at com.subbuchinni.Scripts.ExcelOperations.<init>(ExcelOperations.java:36)
at com.subbuchinni.Scripts.ResultsClass.<init>(ResultsClass.java:46)
at com.subbuchinni.Scripts.ExcelOperations.<init>(ExcelOperations.java:36)
at com.subbuchinni.Scripts.ResultsClass.<init>(ResultsClass.java:46)
at com.subbuchinni.Scripts.ExcelOperations.<init>(ExcelOperations.java:36)
at com.subbuchinni.Scripts.ResultsClass.<init>(ResultsClass.java:46)
at com.subbuchinni.Scripts.ExcelOperations.<init>(ExcelOperations.java:36)
at com.subbuchinni.Scripts.ResultsClass.<init>(ResultsClass.java:46)
at com.subbuchinni.Scripts.ExcelOperations.<init>(ExcelOperations.java:36)
at com.subbuchinni.Scripts.ResultsClass.<init>(ResultsClass.java:46)
at com.subbuchinni.Scripts.ExcelOperations.<init>(ExcelOperations.java:36)
at com.subbuchinni.Scripts.ResultsClass.<init>(ResultsClass.java:46)
at com.subbuchinni.Scripts.ExcelOperations.<init>(ExcelOperations.java:36)
at com.subbuchinni.Scripts.ResultsClass.<init>(ResultsClass.java:46)
at com.subbuchinni.Scripts.ExcelOperations.<init>(ExcelOperations.java:36)
at com.subbuchinni.Scripts.ResultsClass.<init>(ResultsClass.java:46)
at com.subbuchinni.Scripts.ExcelOperations.<init>(ExcelOperations.java:36)
at com.subbuchinni.Scripts.ResultsClass.<init>(ResultsClass.java:46)
at com.subbuchinni.Scripts.ExcelOperations.<init>(ExcelOperations.java:36)
at com.subbuchinni.Scripts.ResultsClass.<init>(ResultsClass.java:46)
at com.subbuchinni.Scripts.ExcelOperations.<init>(ExcelOperations.java:36)
at com.subbuchinni.Scripts.ResultsClass.<init>(ResultsClass.java:46)
at com.subbuchinni.Scripts.ExcelOperations.<init>(ExcelOperations.java:36)
at com.subbuchinni.Scripts.ResultsClass.<init>(ResultsClass.java:46)
at com.subbuchinni.Scripts.ExcelOperations.<init>(ExcelOperations.java:36)
at com.subbuchinni.Scripts.ResultsClass.<init>(ResultsClass.java:46)
at com.subbuchinni.Scripts.ExcelOperations.<init>(ExcelOperations.java:36)
at com.subbuchinni.Scripts.ResultsClass.<init>(ResultsClass.java:46)
at com.subbuchinni.Scripts.ExcelOperations.<init>(ExcelOperations.java:36)
at com.subbuchinni.Scripts.ResultsClass.<init>(ResultsClass.java:46)
at com.subbuchinni.Scripts.ExcelOperations.<init>(ExcelOperations.java:36)
at com.subbuchinni.Scripts.ResultsClass.<init>(ResultsClass.java:46)
at com.subbuchinni.Scripts.ExcelOperations.<init>(ExcelOperations.java:36)
at com.subbuchinni.Scripts.ResultsClass.<init>(ResultsClass.java:46)
at com.subbuchinni.Scripts.ExcelOperations.<init>(ExcelOperations.java:36)
at com.subbuchinni.Scripts.ResultsClass.<init>(ResultsClass.java:46)
at com.subbuchinni.Scripts.ExcelOperations.<init>(ExcelOperations.java:36)
at com.subbuchinni.Scripts.ResultsClass.<init>(ResultsClass.java:46)
at com.subbuchinni.Scripts.ExcelOperations.<init>(ExcelOperations.java:36)
at com.subbuchinni.Scripts.ResultsClass.<init>(ResultsClass.java:46)
at com.subbuchinni.Scripts.ExcelOperations.<init>(ExcelOperations.java:36)
at com.subbuchinni.Scripts.ResultsClass.<init>(ResultsClass.java:46)
at com.subbuchinni.Scripts.ExcelOperations.<init>(ExcelOperations.java:36)
at com.subbuchinni.Scripts.ResultsClass.<init>(ResultsClass.java:46)
at com.subbuchinni.Scripts.ExcelOperations.<init>(ExcelOperations.java:36)
at com.subbuchinni.Scripts.ResultsClass.<init>(ResultsClass.java:46)
at com.subbuchinni.Scripts.ExcelOperations.<init>(ExcelOperations.java:36)
at com.subbuchinni.Scripts.ResultsClass.<init>(ResultsClass.java:46)
at com.subbuchinni.Scripts.ExcelOperations.<init>(ExcelOperations.java:36)
at com.subbuchinni.Scripts.ResultsClass.<init>(ResultsClass.java:46)
at com.subbuchinni.Scripts.ExcelOperations.<init>(ExcelOperations.java:36)
at com.subbuchinni.Scripts.ResultsClass.<init>(ResultsClass.java:46)
at com.subbuchinni.Scripts.ExcelOperations.<init>(ExcelOperations.java:36)
at com.subbuchinni.Scripts.ResultsClass.<init>(ResultsClass.java:46)
at com.subbuchinni.Scripts.ExcelOperations.<init>(ExcelOperations.java:36)
at com.subbuchinni.Scripts.ResultsClass.<init>(ResultsClass.java:46)
at com.subbuchinni.Scripts.ExcelOperations.<init>(ExcelOperations.java:36)
at com.subbuchinni.Scripts.ResultsClass.<init>(ResultsClass.java:46)
at com.subbuchinni.Scripts.ExcelOperations.<init>(ExcelOperations.java:36)
at com.subbuchinni.Scripts.ResultsClass.<init>(ResultsClass.java:46)
at com.subbuchinni.Scripts.ExcelOperations.<init>(ExcelOperations.java:36)
at com.subbuchinni.Scripts.ResultsClass.<init>(ResultsClass.java:46)
at com.subbuchinni.Scripts.ExcelOperations.<init>(ExcelOperations.java:36)
at com.subbuchinni.Scripts.ResultsClass.<init>(ResultsClass.java:46)
at com.subbuchinni.Scripts.ExcelOperations.<init>(ExcelOperations.java:36)
at com.subbuchinni.Scripts.ResultsClass.<init>(ResultsClass.java:46)
at com.subbuchinni.Scripts.ExcelOperations.<init>(ExcelOperations.java:36)
at com.subbuchinni.Scripts.ResultsClass.<init>(ResultsClass.java:46)
at com.subbuchinni.Scripts.ExcelOperations.<init>(ExcelOperations.java:36)
at com.subbuchinni.Scripts.ResultsClass.<init>(ResultsClass.java:46)
at com.subbuchinni.Scripts.ExcelOperations.<init>(ExcelOperations.java:36)
at com.subbuchinni.Scripts.ResultsClass.<init>(ResultsClass.java:46)
at com.subbuchinni.Scripts.ExcelOperations.<init>(ExcelOperations.java:36)
at com.subbuchinni.Scripts.ResultsClass.<init>(ResultsClass.java:46)
at com.subbuchinni.Scripts.ExcelOperations.<init>(ExcelOperations.java:36)
at com.subbuchinni.Scripts.ResultsClass.<init>(ResultsClass.java:46)
at com.subbuchinni.Scripts.ExcelOperations.<init>(ExcelOperations.java:36)
at com.subbuchinni.Scripts.ResultsClass.<init>(ResultsClass.java:46)
at com.subbuchinni.Scripts.ExcelOperations.<init>(ExcelOperations.java:36)
at com.subbuchinni.Scripts.ResultsClass.<init>(ResultsClass.java:46)
at com.subbuchinni.Scripts.ExcelOperations.<init>(ExcelOperations.java:36)
at com.subbuchinni.Scripts.ResultsClass.<init>(ResultsClass.java:46)
at com.subbuchinni.Scripts.ExcelOperations.<init>(ExcelOperations.java:36)
at com.subbuchinni.Scripts.ResultsClass.<init>(ResultsClass.java:46)
at com.subbuchinni.Scripts.ExcelOperations.<init>(ExcelOperations.java:36)
at com.subbuchinni.Scripts.ResultsClass.<init>(ResultsClass.java:46)
at com.subbuchinni.Scripts.ExcelOperations.<init>(ExcelOperations.java:36)
at com.subbuchinni.Scripts.ResultsClass.<init>(ResultsClass.java:46)
at com.subbuchinni.Scripts.ExcelOperations.<init>(ExcelOperations.java:36)
at com.subbuchinni.Scripts.ResultsClass.<init>(ResultsClass.java:46)
at com.subbuchinni.Scripts.ExcelOperations.<init>(ExcelOperations.java:36)
at com.subbuchinni.Scripts.ResultsClass.<init>(ResultsClass.java:46)
at com.subbuchinni.Scripts.ExcelOperations.<init>(ExcelOperations.java:36)
at com.subbuchinni.Scripts.ResultsClass.<init>(ResultsClass.java:46)
at com.subbuchinni.Scripts.ExcelOperations.<init>(ExcelOperations.java:36)
at com.subbuchinni.Scripts.ResultsClass.<init>(ResultsClass.java:46)
at com.subbuchinni.Scripts.ExcelOperations.<init>(ExcelOperations.java:36)
at com.subbuchinni.Scripts.ResultsClass.<init>(ResultsClass.java:46)
at com.subbuchinni.Scripts.ExcelOperations.<init>(ExcelOperations.java:36)
at com.subbuchinni.Scripts.ResultsClass.<init>(ResultsClass.java:46)
at com.subbuchinni.Scripts.ExcelOperations.<init>(ExcelOperations.java:36)
at com.subbuchinni.Scripts.ResultsClass.<init>(ResultsClass.java:46)
at com.subbuchinni.Scripts.ExcelOperations.<init>(ExcelOperations.java:36)
at com.subbuchinni.Scripts.ResultsClass.<init>(ResultsClass.java:46)
at com.subbuchinni.Scripts.ExcelOperations.<init>(ExcelOperations.java:36)
at com.subbuchinni.Scripts.ResultsClass.<init>(ResultsClass.java:46)
at com.subbuchinni.Scripts.ExcelOperations.<init>(ExcelOperations.java:36)
at com.subbuchinni.Scripts.ResultsClass.<init>(ResultsClass.java:46)
at com.subbuchinni.Scripts.ExcelOperations.<init>(ExcelOperations.java:36)
at com.subbuchinni.Scripts.ResultsClass.<init>(ResultsClass.java:46)
at com.subbuchinni.Scripts.ExcelOperations.<init>(ExcelOperations.java:36)
at com.subbuchinni.Scripts.ResultsClass.<init>(ResultsClass.java:46)
at com.subbuchinni.Scripts.ExcelOperations.<init>(ExcelOperations.java:36)
at com.subbuchinni.Scripts.ResultsClass.<init>(ResultsClass.java:46)
at com.subbuchinni.Scripts.ExcelOperations.<init>(ExcelOperations.java:36)
at com.subbuchinni.Scripts.ResultsClass.<init>(ResultsClass.java:46)
at com.subbuchinni.Scripts.ExcelOperations.<init>(ExcelOperations.java:36)
at com.subbuchinni.Scripts.ResultsClass.<init>(ResultsClass.java:46)
at com.subbuchinni.Scripts.ExcelOperations.<init>(ExcelOperations.java:36)
at com.subbuchinni.Scripts.ResultsClass.<init>(ResultsClass.java:46)
at com.subbuchinni.Scripts.ExcelOperations.<init>(ExcelOperations.java:36)
at com.subbuchinni.Scripts.ResultsClass.<init>(ResultsClass.java:46)
at com.subbuchinni.Scripts.ExcelOperations.<init>(ExcelOperations.java:36)
at com.subbuchinni.Scripts.ResultsClass.<init>(ResultsClass.java:46)
at com.subbuchinni.Scripts.ExcelOperations.<init>(ExcelOperations.java:36)
at com.subbuchinni.Scripts.ResultsClass.<init>(ResultsClass.java:46)
at com.subbuchinni.Scripts.ExcelOperations.<init>(ExcelOperations.java:36)
at com.subbuchinni.Scripts.ResultsClass.<init>(ResultsClass.java:46)
at com.subbuchinni.Scripts.ExcelOperations.<init>(ExcelOperations.java:36)
at com.subbuchinni.Scripts.ResultsClass.<init>(ResultsClass.java:46)
at com.subbuchinni.Scripts.ExcelOperations.<init>(ExcelOperations.java:36)
at com.subbuchinni.Scripts.ResultsClass.<init>(ResultsClass.java:46)
at com.subbuchinni.Scripts.ExcelOperations.<init>(ExcelOperations.java:36)
at com.subbuchinni.Scripts.ResultsClass.<init>(ResultsClass.java:46)
at com.subbuchinni.Scripts.ExcelOperations.<init>(ExcelOperations.java:36)
at com.subbuchinni.Scripts.ResultsClass.<init>(ResultsClass.java:46)
at com.subbuchinni.Scripts.ExcelOperations.<init>(ExcelOperations.java:36)
at com.subbuchinni.Scripts.ResultsClass.<init>(ResultsClass.java:46)
at com.subbuchinni.Scripts.ExcelOperations.<init>(ExcelOperations.java:36)
at com.subbuchinni.Scripts.ResultsClass.<init>(ResultsClass.java:46)
at com.subbuchinni.Scripts.ExcelOperations.<init>(ExcelOperations.java:36)
at com.subbuchinni.Scripts.ResultsClass.<init>(ResultsClass.java:46)
at com.subbuchinni.Scripts.ExcelOperations.<init>(ExcelOperations.java:36)
at com.subbuchinni.Scripts.ResultsClass.<init>(ResultsClass.java:46)
at com.subbuchinni.Scripts.ExcelOperations.<init>(ExcelOperations.java:36)
at com.subbuchinni.Scripts.ResultsClass.<init>(ResultsClass.java:46)
at com.subbuchinni.Scripts.ExcelOperations.<init>(ExcelOperations.java:36)
at com.subbuchinni.Scripts.ResultsClass.<init>(ResultsClass.java:46)
at com.subbuchinni.Scripts.ExcelOperations.<init>(ExcelOperations.java:36)
at com.subbuchinni.Scripts.ResultsClass.<init>(ResultsClass.java:46)
at com.subbuchinni.Scripts.ExcelOperations.<init>(ExcelOperations.java:36)
at com.subbuchinni.Scripts.ResultsClass.<init>(ResultsClass.java:46)
at com.subbuchinni.Scripts.ExcelOperations.<init>(ExcelOperations.java:36)
at com.subbuchinni.Scripts.ResultsClass.<init>(ResultsClass.java:46)
at com.subbuchinni.Scripts.ExcelOperations.<init>(ExcelOperations.java:36)
at com.subbuchinni.Scripts.ResultsClass.<init>(ResultsClass.java:46)
at com.subbuchinni.Scripts.ExcelOperations.<init>(ExcelOperations.java:36)
at com.subbuchinni.Scripts.ResultsClass.<init>(ResultsClass.java:46)
at com.subbuchinni.Scripts.ExcelOperations.<init>(ExcelOperations.java:36)
at com.subbuchinni.Scripts.ResultsClass.<init>(ResultsClass.java:46)
at com.subbuchinni.Scripts.ExcelOperations.<init>(ExcelOperations.java:36)
at com.subbuchinni.Scripts.ResultsClass.<init>(ResultsClass.java:46)
at com.subbuchinni.Scripts.ExcelOperations.<init>(ExcelOperations.java:36)
at com.subbuchinni.Scripts.ResultsClass.<init>(ResultsClass.java:46)
at com.subbuchinni.Scripts.ExcelOperations.<init>(ExcelOperations.java:36)
at com.subbuchinni.Scripts.ResultsClass.<init>(ResultsClass.java:46)
at com.subbuchinni.Scripts.ExcelOperations.<init>(ExcelOperations.java:36)
at com.subbuchinni.Scripts.ResultsClass.<init>(ResultsClass.java:46)
at com.subbuchinni.Scripts.ExcelOperations.<init>(ExcelOperations.java:36)
at com.subbuchinni.Scripts.ResultsClass.<init>(ResultsClass.java:46)
at com.subbuchinni.Scripts.ExcelOperations.<init>(ExcelOperations.java:36)
at com.subbuchinni.Scripts.ResultsClass.<init>(ResultsClass.java:46)
at com.subbuchinni.Scripts.ExcelOperations.<init>(ExcelOperations.java:36)
at com.subbuchinni.Scripts.ResultsClass.<init>(ResultsClass.java:46)
at com.subbuchinni.Scripts.ExcelOperations.<init>(ExcelOperations.java:36)
at com.subbuchinni.Scripts.ResultsClass.<init>(ResultsClass.java:46)
at com.subbuchinni.Scripts.ExcelOperations.<init>(ExcelOperations.java:36)
at com.subbuchinni.Scripts.ResultsClass.<init>(ResultsClass.java:46)
at com.subbuchinni.Scripts.ExcelOperations.<init>(ExcelOperations.java:36)
at com.subbuchinni.Scripts.ResultsClass.<init>(ResultsClass.java:46)
at com.subbuchinni.Scripts.ExcelOperations.<init>(ExcelOperations.java:36)
at com.subbuchinni.Scripts.ResultsClass.<init>(ResultsClass.java:46)
at com.subbuchinni.Scripts.ExcelOperations.<init>(ExcelOperations.java:36)
at com.subbuchinni.Scripts.ResultsClass.<init>(ResultsClass.java:46)
at com.subbuchinni.Scripts.ExcelOperations.<init>(ExcelOperations.java:36)
at com.subbuchinni.Scripts.ResultsClass.<init>(ResultsClass.java:46)
at com.subbuchinni.Scripts.ExcelOperations.<init>(ExcelOperations.java:36)
at com.subbuchinni.Scripts.ResultsClass.<init>(ResultsClass.java:46)
at com.subbuchinni.Scripts.ExcelOperations.<init>(ExcelOperations.java:36)
at com.subbuchinni.Scripts.ResultsClass.<init>(ResultsClass.java:46)
at com.subbuchinni.Scripts.ExcelOperations.<init>(ExcelOperations.java:36)
at com.subbuchinni.Scripts.ResultsClass.<init>(ResultsClass.java:46)
at com.subbuchinni.Scripts.ExcelOperations.<init>(ExcelOperations.java:36)
at com.subbuchinni.Scripts.ResultsClass.<init>(ResultsClass.java:46)
at com.subbuchinni.Scripts.ExcelOperations.<init>(ExcelOperations.java:36)
at com.subbuchinni.Scripts.ResultsClass.<init>(ResultsClass.java:46)
at com.subbuchinni.Scripts.ExcelOperations.<init>(ExcelOperations.java:36)
at com.subbuchinni.Scripts.ResultsClass.<init>(ResultsClass.java:46)
at com.subbuchinni.Scripts.ExcelOperations.<init>(ExcelOperations.java:36)
at com.subbuchinni.Scripts.ResultsClass.<init>(ResultsClass.java:46)
at com.subbuchinni.Scripts.ExcelOperations.<init>(ExcelOperations.java:36)
at com.subbuchinni.Scripts.ResultsClass.<init>(ResultsClass.java:46)
at com.subbuchinni.Scripts.ExcelOperations.<init>(ExcelOperations.java:36)
at com.subbuchinni.Scripts.ResultsClass.<init>(ResultsClass.java:46)
at com.subbuchinni.Scripts.ExcelOperations.<init>(ExcelOperations.java:36)
at com.subbuchinni.Scripts.ResultsClass.<init>(ResultsClass.java:46)
at com.subbuchinni.Scripts.ExcelOperations.<init>(ExcelOperations.java:36)
at com.subbuchinni.Scripts.ResultsClass.<init>(ResultsClass.java:46)
at com.subbuchinni.Scripts.ExcelOperations.<init>(ExcelOperations.java:36)
at com.subbuchinni.Scripts.ResultsClass.<init>(ResultsClass.java:46)
at com.subbuchinni.Scripts.ExcelOperations.<init>(ExcelOperations.java:36)
at com.subbuchinni.Scripts.ResultsClass.<init>(ResultsClass.java:46)
at com.subbuchinni.Scripts.ExcelOperations.<init>(ExcelOperations.java:36)
at com.subbuchinni.Scripts.ResultsClass.<init>(ResultsClass.java:46)
at com.subbuchinni.Scripts.ExcelOperations.<init>(ExcelOperations.java:36)
at com.subbuchinni.Scripts.ResultsClass.<init>(ResultsClass.java:46)
at com.subbuchinni.Scripts.ExcelOperations.<init>(ExcelOperations.java:36)
at com.subbuchinni.Scripts.ResultsClass.<init>(ResultsClass.java:46)
at com.subbuchinni.Scripts.ExcelOperations.<init>(ExcelOperations.java:36)
at com.subbuchinni.Scripts.ResultsClass.<init>(ResultsClass.java:46)
at com.subbuchinni.Scripts.ExcelOperations.<init>(ExcelOperations.java:36)
at com.subbuchinni.Scripts.ResultsClass.<init>(ResultsClass.java:46)
at com.subbuchinni.Scripts.ExcelOperations.<init>(ExcelOperations.java:36)
at com.subbuchinni.Scripts.ResultsClass.<init>(ResultsClass.java:46)
at com.subbuchinni.Scripts.ExcelOperations.<init>(ExcelOperations.java:36)
at com.subbuchinni.Scripts.ResultsClass.<init>(ResultsClass.java:46)
at com.subbuchinni.Scripts.ExcelOperations.<init>(ExcelOperations.java:36)
at com.subbuchinni.Scripts.ResultsClass.<init>(ResultsClass.java:46)
at com.subbuchinni.Scripts.ExcelOperations.<init>(ExcelOperations.java:36)
at com.subbuchinni.Scripts.ResultsClass.<init>(ResultsClass.java:46)
at com.subbuchinni.Scripts.ExcelOperations.<init>(ExcelOperations.java:36)
at com.subbuchinni.Scripts.ResultsClass.<init>(ResultsClass.java:46)
at com.subbuchinni.Scripts.ExcelOperations.<init>(ExcelOperations.java:36)
at com.subbuchinni.Scripts.ResultsClass.<init>(ResultsClass.java:46)
at com.subbuchinni.Scripts.ExcelOperations.<init>(ExcelOperations.java:36)
at com.subbuchinni.Scripts.ResultsClass.<init>(ResultsClass.java:46)
at com.subbuchinni.Scripts.ExcelOperations.<init>(ExcelOperations.java:36)
at com.subbuchinni.Scripts.ResultsClass.<init>(ResultsClass.java:46)
at com.subbuchinni.Scripts.ExcelOperations.<init>(ExcelOperations.java:36)
at com.subbuchinni.Scripts.ResultsClass.<init>(ResultsClass.java:46)
at com.subbuchinni.Scripts.ExcelOperations.<init>(ExcelOperations.java:36)
at com.subbuchinni.Scripts.ResultsClass.<init>(ResultsClass.java:46)
at com.subbuchinni.Scripts.ExcelOperations.<init>(ExcelOperations.java:36)
at com.subbuchinni.Scripts.ResultsClass.<init>(ResultsClass.java:46)
at com.subbuchinni.Scripts.ExcelOperations.<init>(ExcelOperations.java:36)
at com.subbuchinni.Scripts.ResultsClass.<init>(ResultsClass.java:46)
at com.subbuchinni.Scripts.ExcelOperations.<init>(ExcelOperations.java:36)
at com.subbuchinni.Scripts.ResultsClass.<init>(ResultsClass.java:46)
at com.subbuchinni.Scripts.ExcelOperations.<init>(ExcelOperations.java:36)
at com.subbuchinni.Scripts.ResultsClass.<init>(ResultsClass.java:46)
at com.subbuchinni.Scripts.ExcelOperations.<init>(ExcelOperations.java:36)
at com.subbuchinni.Scripts.ResultsClass.<init>(ResultsClass.java:46)
at com.subbuchinni.Scripts.ExcelOperations.<init>(ExcelOperations.java:36)
at com.subbuchinni.Scripts.ResultsClass.<init>(ResultsClass.java:46)
at com.subbuchinni.Scripts.ExcelOperations.<init>(ExcelOperations.java:36)
at com.subbuchinni.Scripts.ResultsClass.<init>(ResultsClass.java:46)
at com.subbuchinni.Scripts.ExcelOperations.<init>(ExcelOperations.java:36)
at com.subbuchinni.Scripts.ResultsClass.<init>(ResultsClass.java:46)
at com.subbuchinni.Scripts.ExcelOperations.<init>(ExcelOperations.java:36)
at com.subbuchinni.Scripts.ResultsClass.<init>(ResultsClass.java:46)
at com.subbuchinni.Scripts.ExcelOperations.<init>(ExcelOperations.java:36)
at com.subbuchinni.Scripts.ResultsClass.<init>(ResultsClass.java:46)
at com.subbuchinni.Scripts.ExcelOperations.<init>(ExcelOperations.java:36)
at com.subbuchinni.Scripts.ResultsClass.<init>(ResultsClass.java:46)
at com.subbuchinni.Scripts.ExcelOperations.<init>(ExcelOperations.java:36)
at com.subbuchinni.Scripts.ResultsClass.<init>(ResultsClass.java:46)
at com.subbuchinni.Scripts.ExcelOperations.<init>(ExcelOperations.java:36)
at com.subbuchinni.Scripts.ResultsClass.<init>(ResultsClass.java:46)
at com.subbuchinni.Scripts.ExcelOperations.<init>(ExcelOperations.java:36)
at com.subbuchinni.Scripts.ResultsClass.<init>(ResultsClass.java:46)
at com.subbuchinni.Scripts.ExcelOperations.<init>(ExcelOperations.java:36)
at com.subbuchinni.Scripts.ResultsClass.<init>(ResultsClass.java:46)
at com.subbuchinni.Scripts.ExcelOperations.<init>(ExcelOperations.java:36)
at com.subbuchinni.Scripts.ResultsClass.<init>(ResultsClass.java:46)
at com.subbuchinni.Scripts.ExcelOperations.<init>(ExcelOperations.java:36)
at com.subbuchinni.Scripts.ResultsClass.<init>(ResultsClass.java:46)
at com.subbuchinni.Scripts.ExcelOperations.<init>(ExcelOperations.java:36)
at com.subbuchinni.Scripts.ResultsClass.<init>(ResultsClass.java:46)
at com.subbuchinni.Scripts.ExcelOperations.<init>(ExcelOperations.java:36)
at com.subbuchinni.Scripts.ResultsClass.<init>(ResultsClass.java:46)
at com.subbuchinni.Scripts.ExcelOperations.<init>(ExcelOperations.java:36)
at com.subbuchinni.Scripts.ResultsClass.<init>(ResultsClass.java:46)
at com.subbuchinni.Scripts.ExcelOperations.<init>(ExcelOperations.java:36)
at com.subbuchinni.Scripts.ResultsClass.<init>(ResultsClass.java:46)
at com.subbuchinni.Scripts.ExcelOperations.<init>(ExcelOperations.java:36)
at com.subbuchinni.Scripts.ResultsClass.<init>(ResultsClass.java:46)
at com.subbuchinni.Scripts.ExcelOperations.<init>(ExcelOperations.java:36)
at com.subbuchinni.Scripts.ResultsClass.<init>(ResultsClass.java:46)
at com.subbuchinni.Scripts.ExcelOperations.<init>(ExcelOperations.java:36)
at com.subbuchinni.Scripts.ResultsClass.<init>(ResultsClass.java:46)
at com.subbuchinni.Scripts.ExcelOperations.<init>(ExcelOperations.java:36)
at com.subbuchinni.Scripts.ResultsClass.<init>(ResultsClass.java:46)
at com.subbuchinni.Scripts.ExcelOperations.<init>(ExcelOperations.java:36)
at com.subbuchinni.Scripts.ResultsClass.<init>(ResultsClass.java:46)
at com.subbuchinni.Scripts.ExcelOperations.<init>(ExcelOperations.java:36)
at com.subbuchinni.Scripts.ResultsClass.<init>(ResultsClass.java:46)
at com.subbuchinni.Scripts.ExcelOperations.<init>(ExcelOperations.java:36)
at com.subbuchinni.Scripts.ResultsClass.<init>(ResultsClass.java:46)
at com.subbuchinni.Scripts.ExcelOperations.<init>(ExcelOperations.java:36)
at com.subbuchinni.Scripts.ResultsClass.<init>(ResultsClass.java:46)
at com.subbuchinni.Scripts.ExcelOperations.<init>(ExcelOperations.java:36)
at com.subbuchinni.Scripts.ResultsClass.<init>(ResultsClass.java:46)
at com.subbuchinni.Scripts.ExcelOperations.<init>(ExcelOperations.java:36)
at com.subbuchinni.Scripts.ResultsClass.<init>(ResultsClass.java:46)
at com.subbuchinni.Scripts.ExcelOperations.<init>(ExcelOperations.java:36)
at com.subbuchinni.Scripts.ResultsClass.<init>(ResultsClass.java:46)
at com.subbuchinni.Scripts.ExcelOperations.<init>(ExcelOperations.java:36)
at com.subbuchinni.Scripts.ResultsClass.<init>(ResultsClass.java:46)
at com.subbuchinni.Scripts.ExcelOperations.<init>(ExcelOperations.java:36)
at com.subbuchinni.Scripts.ResultsClass.<init>(ResultsClass.java:46)
at com.subbuchinni.Scripts.ExcelOperations.<init>(ExcelOperations.java:36)
at com.subbuchinni.Scripts.ResultsClass.<init>(ResultsClass.java:46)
at com.subbuchinni.Scripts.ExcelOperations.<init>(ExcelOperations.java:36)
at com.subbuchinni.Scripts.ResultsClass.<init>(ResultsClass.java:46)
at com.subbuchinni.Scripts.ExcelOperations.<init>(ExcelOperations.java:36)
at com.subbuchinni.Scripts.ResultsClass.<init>(ResultsClass.java:46)
at com.subbuchinni.Scripts.ExcelOperations.<init>(ExcelOperations.java:36)
at com.subbuchinni.Scripts.ResultsClass.<init>(ResultsClass.java:46)
at com.subbuchinni.Scripts.ExcelOperations.<init>(ExcelOperations.java:36)
at com.subbuchinni.Scripts.ResultsClass.<init>(ResultsClass.java:46)
at com.subbuchinni.Scripts.ExcelOperations.<init>(ExcelOperations.java:36)
at com.subbuchinni.Scripts.ResultsClass.<init>(ResultsClass.java:46)
at com.subbuchinni.Scripts.ExcelOperations.<init>(ExcelOperations.java:36)
at com.subbuchinni.Scripts.ResultsClass.<init>(ResultsClass.java:46)
at com.subbuchinni.Scripts.ExcelOperations.<init>(ExcelOperations.java:36)
at com.subbuchinni.Scripts.ResultsClass.<init>(ResultsClass.java:46)
at com.subbuchinni.Scripts.ExcelOperations.<init>(ExcelOperations.java:36)
at com.subbuchinni.Scripts.ResultsClass.<init>(ResultsClass.java:46)
at com.subbuchinni.Scripts.ExcelOperations.<init>(ExcelOperations.java:36)
at com.subbuchinni.Scripts.ResultsClass.<init>(ResultsClass.java:46)
at com.subbuchinni.Scripts.ExcelOperations.<init>(ExcelOperations.java:36)
at com.subbuchinni.Scripts.ResultsClass.<init>(ResultsClass.java:46)
at com.subbuchinni.Scripts.ExcelOperations.<init>(ExcelOperations.java:36)
at com.subbuchinni.Scripts.ResultsClass.<init>(ResultsClass.java:46)
at com.subbuchinni.Scripts.ExcelOperations.<init>(ExcelOperations.java:36)
at com.subbuchinni.Scripts.ResultsClass.<init>(ResultsClass.java:46)
at com.subbuchinni.Scripts.ExcelOperations.<init>(ExcelOperations.java:36)
at com.subbuchinni.Scripts.ResultsClass.<init>(ResultsClass.java:46)
at com.subbuchinni.Scripts.ExcelOperations.<init>(ExcelOperations.java:36)
at com.subbuchinni.Scripts.ResultsClass.<init>(ResultsClass.java:46)
at com.subbuchinni.Scripts.ExcelOperations.<init>(ExcelOperations.java:36)
at com.subbuchinni.Scripts.ResultsClass.<init>(ResultsClass.java:46)
at com.subbuchinni.Scripts.ExcelOperations.<init>(ExcelOperations.java:36)
at com.subbuchinni.Scripts.ResultsClass.<init>(ResultsClass.java:46)
at com.subbuchinni.Scripts.ExcelOperations.<init>(ExcelOperations.java:36)
at com.subbuchinni.Scripts.ResultsClass.<init>(ResultsClass.java:46)
at com.subbuchinni.Scripts.ExcelOperations.<init>(ExcelOperations.java:36)
at com.subbuchinni.Scripts.ResultsClass.<init>(ResultsClass.java:46)
at com.subbuchinni.Scripts.ExcelOperations.<init>(ExcelOperations.java:36)
at com.subbuchinni.Scripts.ResultsClass.<init>(ResultsClass.java:46)
at com.subbuchinni.Scripts.ExcelOperations.<init>(ExcelOperations.java:36)
at com.subbuchinni.Scripts.ResultsClass.<init>(ResultsClass.java:46)
]]>
    </failure>
  </testcase> <!-- executer -->
</testsuite> <!-- Test(failed) -->
