<?xml version="1.0" encoding="UTF-8"?>
<testng-results skipped="0" failed="0" ignored="0" total="1" passed="1">
  <reporter-output>
  </reporter-output>
  <suite name="Suite" duration-ms="42870" started-at="2018-04-17T18:20:20Z" finished-at="2018-04-17T18:21:03Z">
    <groups>
    </groups>
    <test name="Test" duration-ms="42870" started-at="2018-04-17T18:20:20Z" finished-at="2018-04-17T18:21:03Z">
      <class name="com.subbuchinni.edu.Practice.Demo.ParallelExecutioner">
        <test-method status="PASS" signature="executer(java.lang.String, java.lang.String, java.lang.String, java.lang.String, java.lang.String)[pri:0, instance:com.subbuchinni.edu.Practice.Demo.ParallelExecutioner@16e852b]" name="executer" duration-ms="42747" started-at="2018-04-17T18:20:21Z" finished-at="2018-04-17T18:21:03Z">
          <params>
            <param index="0">
              <value>
                <![CDATA[192.168.0.3]]>
              </value>
            </param>
            <param index="1">
              <value>
                <![CDATA[chrome]]>
              </value>
            </param>
            <param index="2">
              <value>
                <![CDATA[]]>
              </value>
            </param>
            <param index="3">
              <value>
                <![CDATA[]]>
              </value>
            </param>
            <param index="4">
              <value>
                <![CDATA[]]>
              </value>
            </param>
          </params>
          <reporter-output>
          </reporter-output>
        </test-method> <!-- executer -->
      </class> <!-- com.subbuchinni.edu.Practice.Demo.ParallelExecutioner -->
    </test> <!-- Test -->
  </suite> <!-- Suite -->
</testng-results>
